<?xml version="1.0" encoding="UTF-8"?>
<coverage generated="1759628799121" clover="3.2.0">
  <project timestamp="1759628799121" name="All files">
    <metrics statements="118" coveredstatements="102" conditionals="20" coveredconditionals="16" methods="29" coveredmethods="23" elements="167" coveredelements="141" complexity="0" loc="118" ncloc="118" packages="2" files="6" classes="6"/>
    <package name="hooks">
      <metrics statements="69" coveredstatements="56" conditionals="8" coveredconditionals="6" methods="15" coveredmethods="10"/>
      <file name="useCategories.js" path="/Users/pughal/myRoot/myNUSJourney/CS4218/cs4218-2510-ecom-project-team012/client/src/hooks/useCategories.js">
        <metrics statements="9" coveredstatements="9" conditionals="2" coveredconditionals="2" methods="2" coveredmethods="2"/>
        <line num="4" count="1" type="stmt"/>
        <line num="5" count="4" type="stmt"/>
        <line num="7" count="4" type="stmt"/>
        <line num="8" count="3" type="stmt"/>
        <line num="9" count="3" type="stmt"/>
        <line num="10" count="2" type="cond" truecount="2" falsecount="0"/>
        <line num="11" count="1" type="stmt"/>
        <line num="14" count="1" type="stmt"/>
        <line num="18" count="4" type="stmt"/>
      </file>
      <file name="useCategory.js" path="/Users/pughal/myRoot/myNUSJourney/CS4218/cs4218-2510-ecom-project-team012/client/src/hooks/useCategory.js">
        <metrics statements="9" coveredstatements="0" conditionals="0" coveredconditionals="0" methods="3" coveredmethods="0"/>
        <line num="5" count="0" type="stmt"/>
        <line num="8" count="0" type="stmt"/>
        <line num="9" count="0" type="stmt"/>
        <line num="10" count="0" type="stmt"/>
        <line num="11" count="0" type="stmt"/>
        <line num="13" count="0" type="stmt"/>
        <line num="17" count="0" type="stmt"/>
        <line num="18" count="0" type="stmt"/>
        <line num="21" count="0" type="stmt"/>
      </file>
      <file name="useProductFilters.js" path="/Users/pughal/myRoot/myNUSJourney/CS4218/cs4218-2510-ecom-project-team012/client/src/hooks/useProductFilters.js">
        <metrics statements="15" coveredstatements="14" conditionals="4" coveredconditionals="3" methods="4" coveredmethods="3"/>
        <line num="4" count="1" type="stmt"/>
        <line num="5" count="5" type="stmt"/>
        <line num="6" count="5" type="stmt"/>
        <line num="8" count="5" type="stmt"/>
        <line num="9" count="2" type="stmt"/>
        <line num="10" count="2" type="cond" truecount="1" falsecount="1"/>
        <line num="11" count="2" type="stmt"/>
        <line num="13" count="0" type="stmt"/>
        <line num="15" count="2" type="stmt"/>
        <line num="18" count="5" type="stmt"/>
        <line num="19" count="3" type="stmt"/>
        <line num="20" count="3" type="stmt"/>
        <line num="24" count="2" type="cond" truecount="2" falsecount="0"/>
        <line num="26" count="1" type="stmt"/>
        <line num="30" count="5" type="stmt"/>
      </file>
      <file name="useProducts.js" path="/Users/pughal/myRoot/myNUSJourney/CS4218/cs4218-2510-ecom-project-team012/client/src/hooks/useProducts.js">
        <metrics statements="36" coveredstatements="33" conditionals="2" coveredconditionals="1" methods="6" coveredmethods="5"/>
        <line num="5" count="1" type="stmt"/>
        <line num="6" count="8" type="stmt"/>
        <line num="7" count="8" type="stmt"/>
        <line num="8" count="8" type="stmt"/>
        <line num="9" count="8" type="stmt"/>
        <line num="11" count="8" type="stmt"/>
        <line num="12" count="2" type="stmt"/>
        <line num="13" count="2" type="stmt"/>
        <line num="14" count="2" type="stmt"/>
        <line num="15" count="1" type="stmt"/>
        <line num="16" count="1" type="stmt"/>
        <line num="18" count="1" type="stmt"/>
        <line num="19" count="1" type="stmt"/>
        <line num="23" count="8" type="stmt"/>
        <line num="24" count="1" type="stmt"/>
        <line num="25" count="1" type="stmt"/>
        <line num="26" count="1" type="stmt"/>
        <line num="27" count="1" type="stmt"/>
        <line num="28" count="1" type="stmt"/>
        <line num="30" count="0" type="stmt"/>
        <line num="31" count="0" type="stmt"/>
        <line num="35" count="8" type="stmt"/>
        <line num="36" count="1" type="stmt"/>
        <line num="37" count="1" type="stmt"/>
        <line num="38" count="1" type="cond" truecount="1" falsecount="1"/>
        <line num="40" count="0" type="stmt"/>
        <line num="44" count="8" type="stmt"/>
        <line num="45" count="2" type="stmt"/>
        <line num="46" count="2" type="stmt"/>
        <line num="47" count="2" type="stmt"/>
        <line num="48" count="1" type="stmt"/>
        <line num="49" count="1" type="stmt"/>
        <line num="51" count="1" type="stmt"/>
        <line num="52" count="1" type="stmt"/>
        <line num="53" count="1" type="stmt"/>
        <line num="57" count="8" type="stmt"/>
      </file>
    </package>
    <package name="pages.Auth">
      <metrics statements="49" coveredstatements="46" conditionals="12" coveredconditionals="10" methods="14" coveredmethods="13"/>
      <file name="Login.js" path="/Users/pughal/myRoot/myNUSJourney/CS4218/cs4218-2510-ecom-project-team012/client/src/pages/Auth/Login.js">
        <metrics statements="22" coveredstatements="20" conditionals="8" coveredconditionals="7" methods="5" coveredmethods="4"/>
        <line num="9" count="1" type="stmt"/>
        <line num="10" count="11" type="stmt"/>
        <line num="11" count="11" type="stmt"/>
        <line num="12" count="11" type="stmt"/>
        <line num="15" count="11" type="stmt"/>
        <line num="16" count="11" type="stmt"/>
        <line num="20" count="11" type="stmt"/>
        <line num="21" count="2" type="stmt"/>
        <line num="22" count="2" type="stmt"/>
        <line num="23" count="2" type="stmt"/>
        <line num="27" count="1" type="cond" truecount="3" falsecount="1"/>
        <line num="28" count="1" type="cond" truecount="2" falsecount="0"/>
        <line num="36" count="1" type="stmt"/>
        <line num="41" count="1" type="stmt"/>
        <line num="42" count="1" type="cond" truecount="2" falsecount="0"/>
        <line num="44" count="0" type="stmt"/>
        <line num="47" count="1" type="stmt"/>
        <line num="48" count="1" type="stmt"/>
        <line num="51" count="11" type="stmt"/>
        <line num="62" count="3" type="stmt"/>
        <line num="73" count="3" type="stmt"/>
        <line num="85" count="0" type="stmt"/>
      </file>
      <file name="Register.js" path="/Users/pughal/myRoot/myNUSJourney/CS4218/cs4218-2510-ecom-project-team012/client/src/pages/Auth/Register.js">
        <metrics statements="27" coveredstatements="26" conditionals="4" coveredconditionals="3" methods="9" coveredmethods="9"/>
        <line num="7" count="1" type="stmt"/>
        <line num="8" count="16" type="stmt"/>
        <line num="9" count="16" type="stmt"/>
        <line num="10" count="16" type="stmt"/>
        <line num="11" count="16" type="stmt"/>
        <line num="12" count="16" type="stmt"/>
        <line num="13" count="16" type="stmt"/>
        <line num="14" count="16" type="stmt"/>
        <line num="15" count="16" type="stmt"/>
        <line num="18" count="16" type="stmt"/>
        <line num="19" count="2" type="stmt"/>
        <line num="20" count="2" type="stmt"/>
        <line num="21" count="2" type="stmt"/>
        <line num="30" count="1" type="cond" truecount="3" falsecount="1"/>
        <line num="31" count="1" type="stmt"/>
        <line num="32" count="1" type="stmt"/>
        <line num="34" count="0" type="stmt"/>
        <line num="37" count="1" type="stmt"/>
        <line num="38" count="1" type="stmt"/>
        <line num="42" count="16" type="stmt"/>
        <line num="51" count="2" type="stmt"/>
        <line num="63" count="2" type="stmt"/>
        <line num="74" count="2" type="stmt"/>
        <line num="85" count="2" type="stmt"/>
        <line num="96" count="2" type="stmt"/>
        <line num="107" count="2" type="stmt"/>
        <line num="118" count="2" type="stmt"/>
      </file>
    </package>
  </project>
</coverage>
