{"/Users/pughal/myRoot/myNUSJourney/CS4218/cs4218-2510-ecom-project-team012/client/src/components/AdminMenu.js": {"path":"/Users/pughal/myRoot/myNUSJourney/CS4218/cs4218-2510-ecom-project-team012/client/src/components/AdminMenu.js","statementMap":{"0":{"start":{"line":3,"column":18},"end":{"line":43,"column":1}},"1":{"start":{"line":4,"column":2},"end":{"line":42,"column":4}}},"fnMap":{"0":{"name":"(anonymous_0)","decl":{"start":{"line":3,"column":18},"end":{"line":3,"column":19}},"loc":{"start":{"line":3,"column":24},"end":{"line":43,"column":1}},"line":3}},"branchMap":{},"s":{"0":1,"1":2},"f":{"0":2},"b":{},"_coverageSchema":"1a1c01bbd47fc00a2c39e90264f33305004495a9","hash":"fdebd99d543b6634e9f71e65f2081e4b5c784743"}
,"/Users/pughal/myRoot/myNUSJourney/CS4218/cs4218-2510-ecom-project-team012/client/src/components/Footer.js": {"path":"/Users/pughal/myRoot/myNUSJourney/CS4218/cs4218-2510-ecom-project-team012/client/src/components/Footer.js","statementMap":{"0":{"start":{"line":4,"column":15},"end":{"line":14,"column":1}},"1":{"start":{"line":5,"column":2},"end":{"line":13,"column":4}}},"fnMap":{"0":{"name":"(anonymous_0)","decl":{"start":{"line":4,"column":15},"end":{"line":4,"column":16}},"loc":{"start":{"line":4,"column":21},"end":{"line":14,"column":1}},"line":4}},"branchMap":{},"s":{"0":9,"1":226},"f":{"0":226},"b":{},"_coverageSchema":"1a1c01bbd47fc00a2c39e90264f33305004495a9","hash":"21c19da715d3a28fe914b1baff3070418dc76771"}
,"/Users/pughal/myRoot/myNUSJourney/CS4218/cs4218-2510-ecom-project-team012/client/src/components/Header.js": {"path":"/Users/pughal/myRoot/myNUSJourney/CS4218/cs4218-2510-ecom-project-team012/client/src/components/Header.js","statementMap":{"0":{"start":{"line":10,"column":15},"end":{"line":138,"column":1}},"1":{"start":{"line":11,"column":26},"end":{"line":11,"column":35}},"2":{"start":{"line":12,"column":17},"end":{"line":12,"column":26}},"3":{"start":{"line":13,"column":26},"end":{"line":13,"column":39}},"4":{"start":{"line":14,"column":23},"end":{"line":22,"column":3}},"5":{"start":{"line":15,"column":4},"end":{"line":19,"column":7}},"6":{"start":{"line":20,"column":4},"end":{"line":20,"column":36}},"7":{"start":{"line":21,"column":4},"end":{"line":21,"column":41}},"8":{"start":{"line":23,"column":2},"end":{"line":137,"column":4}},"9":{"start":{"line":64,"column":20},"end":{"line":71,"column":25}}},"fnMap":{"0":{"name":"(anonymous_0)","decl":{"start":{"line":10,"column":15},"end":{"line":10,"column":16}},"loc":{"start":{"line":10,"column":21},"end":{"line":138,"column":1}},"line":10},"1":{"name":"(anonymous_1)","decl":{"start":{"line":14,"column":23},"end":{"line":14,"column":24}},"loc":{"start":{"line":14,"column":29},"end":{"line":22,"column":3}},"line":14},"2":{"name":"(anonymous_2)","decl":{"start":{"line":63,"column":35},"end":{"line":63,"column":36}},"loc":{"start":{"line":64,"column":20},"end":{"line":71,"column":25}},"line":64}},"branchMap":{"0":{"loc":{"start":{"line":76,"column":15},"end":{"line":124,"column":15}},"type":"cond-expr","locations":[{"start":{"line":77,"column":16},"end":{"line":88,"column":19}},{"start":{"line":90,"column":16},"end":{"line":123,"column":19}}],"line":76},"1":{"loc":{"start":{"line":105,"column":28},"end":{"line":105,"column":69}},"type":"cond-expr","locations":[{"start":{"line":105,"column":53},"end":{"line":105,"column":60}},{"start":{"line":105,"column":63},"end":{"line":105,"column":69}}],"line":105}},"s":{"0":8,"1":225,"2":225,"3":225,"4":225,"5":0,"6":0,"7":0,"8":225,"9":0},"f":{"0":225,"1":0,"2":0},"b":{"0":[126,99],"1":[0,99]},"_coverageSchema":"1a1c01bbd47fc00a2c39e90264f33305004495a9","hash":"b0f5aaac62c1e5a5bf3f2e057294bd58cc13f7c2"}
,"/Users/pughal/myRoot/myNUSJourney/CS4218/cs4218-2510-ecom-project-team012/client/src/components/Layout.js": {"path":"/Users/pughal/myRoot/myNUSJourney/CS4218/cs4218-2510-ecom-project-team012/client/src/components/Layout.js","statementMap":{"0":{"start":{"line":8,"column":15},"end":{"line":26,"column":1}},"1":{"start":{"line":9,"column":2},"end":{"line":25,"column":4}},"2":{"start":{"line":28,"column":0},"end":{"line":33,"column":2}}},"fnMap":{"0":{"name":"(anonymous_0)","decl":{"start":{"line":8,"column":15},"end":{"line":8,"column":16}},"loc":{"start":{"line":8,"column":71},"end":{"line":26,"column":1}},"line":8}},"branchMap":{},"s":{"0":8,"1":225,"2":8},"f":{"0":225},"b":{},"_coverageSchema":"1a1c01bbd47fc00a2c39e90264f33305004495a9","hash":"1efbaf1917d64bbe6f2dc642557c019965be2934"}
,"/Users/pughal/myRoot/myNUSJourney/CS4218/cs4218-2510-ecom-project-team012/client/src/components/Prices.js": {"path":"/Users/pughal/myRoot/myNUSJourney/CS4218/cs4218-2510-ecom-project-team012/client/src/components/Prices.js","statementMap":{"0":{"start":{"line":1,"column":22},"end":{"line":32,"column":3}}},"fnMap":{},"branchMap":{},"s":{"0":0},"f":{},"b":{}}
,"/Users/pughal/myRoot/myNUSJourney/CS4218/cs4218-2510-ecom-project-team012/client/src/components/Spinner.js": {"path":"/Users/pughal/myRoot/myNUSJourney/CS4218/cs4218-2510-ecom-project-team012/client/src/components/Spinner.js","statementMap":{"0":{"start":{"line":3,"column":16},"end":{"line":30,"column":1}},"1":{"start":{"line":4,"column":28},"end":{"line":4,"column":39}},"2":{"start":{"line":5,"column":19},"end":{"line":5,"column":32}},"3":{"start":{"line":6,"column":19},"end":{"line":6,"column":32}},"4":{"start":{"line":8,"column":2},"end":{"line":16,"column":34}},"5":{"start":{"line":9,"column":21},"end":{"line":11,"column":12}},"6":{"start":{"line":10,"column":6},"end":{"line":10,"column":43}},"7":{"start":{"line":10,"column":30},"end":{"line":10,"column":41}},"8":{"start":{"line":12,"column":4},"end":{"line":14,"column":9}},"9":{"start":{"line":15,"column":4},"end":{"line":15,"column":41}},"10":{"start":{"line":15,"column":17},"end":{"line":15,"column":40}},"11":{"start":{"line":17,"column":2},"end":{"line":29,"column":4}}},"fnMap":{"0":{"name":"(anonymous_0)","decl":{"start":{"line":3,"column":16},"end":{"line":3,"column":17}},"loc":{"start":{"line":3,"column":40},"end":{"line":30,"column":1}},"line":3},"1":{"name":"(anonymous_1)","decl":{"start":{"line":8,"column":12},"end":{"line":8,"column":13}},"loc":{"start":{"line":8,"column":18},"end":{"line":16,"column":3}},"line":8},"2":{"name":"(anonymous_2)","decl":{"start":{"line":9,"column":33},"end":{"line":9,"column":34}},"loc":{"start":{"line":9,"column":39},"end":{"line":11,"column":5}},"line":9},"3":{"name":"(anonymous_3)","decl":{"start":{"line":10,"column":15},"end":{"line":10,"column":16}},"loc":{"start":{"line":10,"column":30},"end":{"line":10,"column":41}},"line":10},"4":{"name":"(anonymous_4)","decl":{"start":{"line":15,"column":11},"end":{"line":15,"column":12}},"loc":{"start":{"line":15,"column":17},"end":{"line":15,"column":40}},"line":15}},"branchMap":{"0":{"loc":{"start":{"line":3,"column":19},"end":{"line":3,"column":33}},"type":"default-arg","locations":[{"start":{"line":3,"column":26},"end":{"line":3,"column":33}}],"line":3},"1":{"loc":{"start":{"line":12,"column":4},"end":{"line":14,"column":8}},"type":"binary-expr","locations":[{"start":{"line":12,"column":4},"end":{"line":12,"column":15}},{"start":{"line":12,"column":19},"end":{"line":14,"column":8}}],"line":12}},"s":{"0":0,"1":0,"2":0,"3":0,"4":0,"5":0,"6":0,"7":0,"8":0,"9":0,"10":0,"11":0},"f":{"0":0,"1":0,"2":0,"3":0,"4":0},"b":{"0":[0],"1":[0,0]}}
,"/Users/pughal/myRoot/myNUSJourney/CS4218/cs4218-2510-ecom-project-team012/client/src/components/UserMenu.js": {"path":"/Users/pughal/myRoot/myNUSJourney/CS4218/cs4218-2510-ecom-project-team012/client/src/components/UserMenu.js","statementMap":{"0":{"start":{"line":3,"column":17},"end":{"line":25,"column":1}},"1":{"start":{"line":4,"column":2},"end":{"line":24,"column":4}}},"fnMap":{"0":{"name":"(anonymous_0)","decl":{"start":{"line":3,"column":17},"end":{"line":3,"column":18}},"loc":{"start":{"line":3,"column":23},"end":{"line":25,"column":1}},"line":3}},"branchMap":{},"s":{"0":2,"1":20},"f":{"0":20},"b":{},"_coverageSchema":"1a1c01bbd47fc00a2c39e90264f33305004495a9","hash":"bf551c2c95fffa37caaec6befdca0f296eb168cf"}
,"/Users/pughal/myRoot/myNUSJourney/CS4218/cs4218-2510-ecom-project-team012/client/src/components/Form/CategoryForm.js": {"path":"/Users/pughal/myRoot/myNUSJourney/CS4218/cs4218-2510-ecom-project-team012/client/src/components/Form/CategoryForm.js","statementMap":{"0":{"start":{"line":3,"column":21},"end":{"line":23,"column":1}},"1":{"start":{"line":4,"column":2},"end":{"line":22,"column":4}},"2":{"start":{"line":13,"column":29},"end":{"line":13,"column":53}}},"fnMap":{"0":{"name":"(anonymous_0)","decl":{"start":{"line":3,"column":21},"end":{"line":3,"column":22}},"loc":{"start":{"line":3,"column":60},"end":{"line":23,"column":1}},"line":3},"1":{"name":"(anonymous_1)","decl":{"start":{"line":13,"column":22},"end":{"line":13,"column":23}},"loc":{"start":{"line":13,"column":29},"end":{"line":13,"column":53}},"line":13}},"branchMap":{},"s":{"0":1,"1":4,"2":1},"f":{"0":4,"1":1},"b":{},"_coverageSchema":"1a1c01bbd47fc00a2c39e90264f33305004495a9","hash":"d8160d6e558f6bdeb97c542814d9e41d45c71793"}
,"/Users/pughal/myRoot/myNUSJourney/CS4218/cs4218-2510-ecom-project-team012/client/src/components/Form/SearchInput.js": {"path":"/Users/pughal/myRoot/myNUSJourney/CS4218/cs4218-2510-ecom-project-team012/client/src/components/Form/SearchInput.js","statementMap":{"0":{"start":{"line":5,"column":20},"end":{"line":38,"column":1}},"1":{"start":{"line":6,"column":30},"end":{"line":6,"column":41}},"2":{"start":{"line":7,"column":19},"end":{"line":7,"column":32}},"3":{"start":{"line":9,"column":23},"end":{"line":20,"column":3}},"4":{"start":{"line":10,"column":4},"end":{"line":10,"column":23}},"5":{"start":{"line":11,"column":4},"end":{"line":19,"column":5}},"6":{"start":{"line":12,"column":23},"end":{"line":14,"column":7}},"7":{"start":{"line":15,"column":6},"end":{"line":15,"column":46}},"8":{"start":{"line":16,"column":6},"end":{"line":16,"column":26}},"9":{"start":{"line":18,"column":6},"end":{"line":18,"column":25}},"10":{"start":{"line":21,"column":2},"end":{"line":37,"column":4}},"11":{"start":{"line":30,"column":27},"end":{"line":30,"column":76}}},"fnMap":{"0":{"name":"(anonymous_0)","decl":{"start":{"line":5,"column":20},"end":{"line":5,"column":21}},"loc":{"start":{"line":5,"column":26},"end":{"line":38,"column":1}},"line":5},"1":{"name":"(anonymous_1)","decl":{"start":{"line":9,"column":23},"end":{"line":9,"column":24}},"loc":{"start":{"line":9,"column":36},"end":{"line":20,"column":3}},"line":9},"2":{"name":"(anonymous_2)","decl":{"start":{"line":30,"column":20},"end":{"line":30,"column":21}},"loc":{"start":{"line":30,"column":27},"end":{"line":30,"column":76}},"line":30}},"branchMap":{},"s":{"0":9,"1":229,"2":229,"3":229,"4":2,"5":2,"6":2,"7":1,"8":1,"9":1,"10":229,"11":5},"f":{"0":229,"1":2,"2":5},"b":{},"_coverageSchema":"1a1c01bbd47fc00a2c39e90264f33305004495a9","hash":"b67fb8f6296bafaf2cc9ff21c874ef0fd98090ce"}
,"/Users/pughal/myRoot/myNUSJourney/CS4218/cs4218-2510-ecom-project-team012/client/src/components/Routes/Private.js": {"path":"/Users/pughal/myRoot/myNUSJourney/CS4218/cs4218-2510-ecom-project-team012/client/src/components/Routes/Private.js","statementMap":{"0":{"start":{"line":12,"column":22},"end":{"line":12,"column":37}},"1":{"start":{"line":13,"column":26},"end":{"line":13,"column":35}},"2":{"start":{"line":15,"column":2},"end":{"line":31,"column":20}},"3":{"start":{"line":16,"column":22},"end":{"line":23,"column":5}},"4":{"start":{"line":17,"column":18},"end":{"line":17,"column":59}},"5":{"start":{"line":18,"column":6},"end":{"line":22,"column":7}},"6":{"start":{"line":19,"column":8},"end":{"line":19,"column":20}},"7":{"start":{"line":21,"column":8},"end":{"line":21,"column":21}},"8":{"start":{"line":24,"column":4},"end":{"line":30,"column":12}},"9":{"start":{"line":25,"column":6},"end":{"line":30,"column":12}},"10":{"start":{"line":25,"column":20},"end":{"line":30,"column":7}},"11":{"start":{"line":26,"column":8},"end":{"line":26,"column":26}},"12":{"start":{"line":28,"column":8},"end":{"line":28,"column":27}},"13":{"start":{"line":29,"column":8},"end":{"line":29,"column":21}},"14":{"start":{"line":33,"column":2},"end":{"line":33,"column":47}}},"fnMap":{"0":{"name":"PrivateRoute","decl":{"start":{"line":11,"column":24},"end":{"line":11,"column":36}},"loc":{"start":{"line":11,"column":39},"end":{"line":34,"column":1}},"line":11},"1":{"name":"(anonymous_1)","decl":{"start":{"line":15,"column":12},"end":{"line":15,"column":13}},"loc":{"start":{"line":15,"column":18},"end":{"line":31,"column":3}},"line":15},"2":{"name":"(anonymous_2)","decl":{"start":{"line":16,"column":22},"end":{"line":16,"column":23}},"loc":{"start":{"line":16,"column":34},"end":{"line":23,"column":5}},"line":16},"3":{"name":"(anonymous_3)","decl":{"start":{"line":25,"column":7},"end":{"line":25,"column":8}},"loc":{"start":{"line":25,"column":19},"end":{"line":30,"column":8}},"line":25}},"branchMap":{"0":{"loc":{"start":{"line":18,"column":6},"end":{"line":22,"column":7}},"type":"if","locations":[{"start":{"line":18,"column":6},"end":{"line":22,"column":7}},{"start":{"line":20,"column":13},"end":{"line":22,"column":7}}],"line":18},"1":{"loc":{"start":{"line":24,"column":4},"end":{"line":30,"column":12}},"type":"if","locations":[{"start":{"line":24,"column":4},"end":{"line":30,"column":12}},{"start":{},"end":{}}],"line":24},"2":{"loc":{"start":{"line":33,"column":9},"end":{"line":33,"column":46}},"type":"cond-expr","locations":[{"start":{"line":33,"column":14},"end":{"line":33,"column":24}},{"start":{"line":33,"column":27},"end":{"line":33,"column":46}}],"line":33}},"s":{"0":7,"1":7,"2":7,"3":5,"4":4,"5":3,"6":2,"7":1,"8":5,"9":4,"10":4,"11":4,"12":1,"13":1,"14":7},"f":{"0":7,"1":5,"2":4,"3":4},"b":{"0":[2,1],"1":[4,1],"2":[2,5]},"_coverageSchema":"1a1c01bbd47fc00a2c39e90264f33305004495a9","hash":"bb638ab6a57df3caed8862b40c75021ccc86ee32"}
,"/Users/pughal/myRoot/myNUSJourney/CS4218/cs4218-2510-ecom-project-team012/client/src/context/auth.js": {"path":"/Users/pughal/myRoot/myNUSJourney/CS4218/cs4218-2510-ecom-project-team012/client/src/context/auth.js","statementMap":{"0":{"start":{"line":5,"column":20},"end":{"line":5,"column":35}},"1":{"start":{"line":7,"column":21},"end":{"line":33,"column":1}},"2":{"start":{"line":8,"column":28},"end":{"line":11,"column":6}},"3":{"start":{"line":14,"column":4},"end":{"line":14,"column":65}},"4":{"start":{"line":16,"column":4},"end":{"line":27,"column":11}},"5":{"start":{"line":17,"column":20},"end":{"line":17,"column":48}},"6":{"start":{"line":18,"column":7},"end":{"line":25,"column":8}},"7":{"start":{"line":19,"column":26},"end":{"line":19,"column":42}},"8":{"start":{"line":20,"column":8},"end":{"line":24,"column":11}},"9":{"start":{"line":28,"column":4},"end":{"line":32,"column":6}},"10":{"start":{"line":36,"column":16},"end":{"line":36,"column":45}},"11":{"start":{"line":36,"column":22},"end":{"line":36,"column":45}}},"fnMap":{"0":{"name":"(anonymous_0)","decl":{"start":{"line":7,"column":21},"end":{"line":7,"column":22}},"loc":{"start":{"line":7,"column":39},"end":{"line":33,"column":1}},"line":7},"1":{"name":"(anonymous_1)","decl":{"start":{"line":16,"column":14},"end":{"line":16,"column":15}},"loc":{"start":{"line":16,"column":20},"end":{"line":27,"column":5}},"line":16},"2":{"name":"(anonymous_2)","decl":{"start":{"line":36,"column":16},"end":{"line":36,"column":17}},"loc":{"start":{"line":36,"column":22},"end":{"line":36,"column":45}},"line":36}},"branchMap":{"0":{"loc":{"start":{"line":18,"column":7},"end":{"line":25,"column":8}},"type":"if","locations":[{"start":{"line":18,"column":7},"end":{"line":25,"column":8}},{"start":{},"end":{}}],"line":18}},"s":{"0":2,"1":2,"2":3,"3":3,"4":3,"5":2,"6":2,"7":1,"8":1,"9":3,"10":2,"11":3},"f":{"0":3,"1":2,"2":3},"b":{"0":[1,1]},"_coverageSchema":"1a1c01bbd47fc00a2c39e90264f33305004495a9","hash":"29d43907986ec339d7c8e746cc2b21349c725728"}
,"/Users/pughal/myRoot/myNUSJourney/CS4218/cs4218-2510-ecom-project-team012/client/src/context/cart.js": {"path":"/Users/pughal/myRoot/myNUSJourney/CS4218/cs4218-2510-ecom-project-team012/client/src/context/cart.js","statementMap":{"0":{"start":{"line":4,"column":20},"end":{"line":4,"column":35}},"1":{"start":{"line":5,"column":21},"end":{"line":18,"column":1}},"2":{"start":{"line":6,"column":26},"end":{"line":6,"column":38}},"3":{"start":{"line":8,"column":2},"end":{"line":11,"column":9}},"4":{"start":{"line":9,"column":27},"end":{"line":9,"column":55}},"5":{"start":{"line":10,"column":4},"end":{"line":10,"column":64}},"6":{"start":{"line":10,"column":26},"end":{"line":10,"column":64}},"7":{"start":{"line":13,"column":2},"end":{"line":17,"column":4}},"8":{"start":{"line":21,"column":16},"end":{"line":21,"column":45}},"9":{"start":{"line":21,"column":22},"end":{"line":21,"column":45}}},"fnMap":{"0":{"name":"(anonymous_0)","decl":{"start":{"line":5,"column":21},"end":{"line":5,"column":22}},"loc":{"start":{"line":5,"column":39},"end":{"line":18,"column":1}},"line":5},"1":{"name":"(anonymous_1)","decl":{"start":{"line":8,"column":12},"end":{"line":8,"column":13}},"loc":{"start":{"line":8,"column":18},"end":{"line":11,"column":3}},"line":8},"2":{"name":"(anonymous_2)","decl":{"start":{"line":21,"column":16},"end":{"line":21,"column":17}},"loc":{"start":{"line":21,"column":22},"end":{"line":21,"column":45}},"line":21}},"branchMap":{"0":{"loc":{"start":{"line":10,"column":4},"end":{"line":10,"column":64}},"type":"if","locations":[{"start":{"line":10,"column":4},"end":{"line":10,"column":64}},{"start":{},"end":{}}],"line":10}},"s":{"0":2,"1":2,"2":5,"3":5,"4":3,"5":3,"6":1,"7":5,"8":2,"9":5},"f":{"0":5,"1":3,"2":5},"b":{"0":[1,2]},"_coverageSchema":"1a1c01bbd47fc00a2c39e90264f33305004495a9","hash":"7a080ae8ea3d644267d79c685f51493f7844d852"}
,"/Users/pughal/myRoot/myNUSJourney/CS4218/cs4218-2510-ecom-project-team012/client/src/context/search.js": {"path":"/Users/pughal/myRoot/myNUSJourney/CS4218/cs4218-2510-ecom-project-team012/client/src/context/search.js","statementMap":{"0":{"start":{"line":3,"column":22},"end":{"line":3,"column":37}},"1":{"start":{"line":4,"column":23},"end":{"line":15,"column":1}},"2":{"start":{"line":5,"column":26},"end":{"line":8,"column":4}},"3":{"start":{"line":10,"column":2},"end":{"line":14,"column":4}},"4":{"start":{"line":18,"column":18},"end":{"line":18,"column":49}},"5":{"start":{"line":18,"column":24},"end":{"line":18,"column":49}}},"fnMap":{"0":{"name":"(anonymous_0)","decl":{"start":{"line":4,"column":23},"end":{"line":4,"column":24}},"loc":{"start":{"line":4,"column":41},"end":{"line":15,"column":1}},"line":4},"1":{"name":"(anonymous_1)","decl":{"start":{"line":18,"column":18},"end":{"line":18,"column":19}},"loc":{"start":{"line":18,"column":24},"end":{"line":18,"column":49}},"line":18}},"branchMap":{},"s":{"0":2,"1":2,"2":12,"3":12,"4":2,"5":0},"f":{"0":12,"1":0},"b":{},"_coverageSchema":"1a1c01bbd47fc00a2c39e90264f33305004495a9","hash":"47256104565b377a2c9288810198c16214c113a7"}
,"/Users/pughal/myRoot/myNUSJourney/CS4218/cs4218-2510-ecom-project-team012/client/src/pages/About.js": {"path":"/Users/pughal/myRoot/myNUSJourney/CS4218/cs4218-2510-ecom-project-team012/client/src/pages/About.js","statementMap":{"0":{"start":{"line":4,"column":14},"end":{"line":23,"column":1}},"1":{"start":{"line":5,"column":2},"end":{"line":22,"column":4}}},"fnMap":{"0":{"name":"(anonymous_0)","decl":{"start":{"line":4,"column":14},"end":{"line":4,"column":15}},"loc":{"start":{"line":4,"column":20},"end":{"line":23,"column":1}},"line":4}},"branchMap":{},"s":{"0":0,"1":0},"f":{"0":0},"b":{}}
,"/Users/pughal/myRoot/myNUSJourney/CS4218/cs4218-2510-ecom-project-team012/client/src/pages/CartPage.js": {"path":"/Users/pughal/myRoot/myNUSJourney/CS4218/cs4218-2510-ecom-project-team012/client/src/pages/CartPage.js","statementMap":{"0":{"start":{"line":12,"column":17},"end":{"line":205,"column":1}},"1":{"start":{"line":13,"column":26},"end":{"line":13,"column":35}},"2":{"start":{"line":14,"column":26},"end":{"line":14,"column":35}},"3":{"start":{"line":15,"column":40},"end":{"line":15,"column":52}},"4":{"start":{"line":16,"column":34},"end":{"line":16,"column":46}},"5":{"start":{"line":17,"column":32},"end":{"line":17,"column":47}},"6":{"start":{"line":18,"column":19},"end":{"line":18,"column":32}},"7":{"start":{"line":21,"column":21},"end":{"line":38,"column":3}},"8":{"start":{"line":22,"column":4},"end":{"line":37,"column":5}},"9":{"start":{"line":23,"column":18},"end":{"line":23,"column":19}},"10":{"start":{"line":24,"column":6},"end":{"line":30,"column":9}},"11":{"start":{"line":25,"column":8},"end":{"line":29,"column":9}},"12":{"start":{"line":26,"column":10},"end":{"line":26,"column":37}},"13":{"start":{"line":28,"column":10},"end":{"line":28,"column":76}},"14":{"start":{"line":31,"column":6},"end":{"line":34,"column":9}},"15":{"start":{"line":36,"column":6},"end":{"line":36,"column":25}},"16":{"start":{"line":40,"column":25},"end":{"line":50,"column":3}},"17":{"start":{"line":41,"column":4},"end":{"line":49,"column":5}},"18":{"start":{"line":42,"column":19},"end":{"line":42,"column":28}},"19":{"start":{"line":43,"column":18},"end":{"line":43,"column":62}},"20":{"start":{"line":43,"column":45},"end":{"line":43,"column":61}},"21":{"start":{"line":44,"column":6},"end":{"line":44,"column":30}},"22":{"start":{"line":45,"column":6},"end":{"line":45,"column":22}},"23":{"start":{"line":46,"column":6},"end":{"line":46,"column":59}},"24":{"start":{"line":48,"column":6},"end":{"line":48,"column":25}},"25":{"start":{"line":53,"column":19},"end":{"line":60,"column":3}},"26":{"start":{"line":54,"column":4},"end":{"line":59,"column":5}},"27":{"start":{"line":55,"column":23},"end":{"line":55,"column":73}},"28":{"start":{"line":56,"column":6},"end":{"line":56,"column":40}},"29":{"start":{"line":58,"column":6},"end":{"line":58,"column":25}},"30":{"start":{"line":61,"column":2},"end":{"line":63,"column":20}},"31":{"start":{"line":62,"column":4},"end":{"line":62,"column":15}},"32":{"start":{"line":66,"column":24},"end":{"line":83,"column":3}},"33":{"start":{"line":67,"column":4},"end":{"line":82,"column":5}},"34":{"start":{"line":68,"column":6},"end":{"line":68,"column":23}},"35":{"start":{"line":69,"column":24},"end":{"line":69,"column":61}},"36":{"start":{"line":70,"column":23},"end":{"line":73,"column":8}},"37":{"start":{"line":74,"column":6},"end":{"line":74,"column":24}},"38":{"start":{"line":75,"column":6},"end":{"line":75,"column":38}},"39":{"start":{"line":76,"column":6},"end":{"line":76,"column":18}},"40":{"start":{"line":77,"column":6},"end":{"line":77,"column":41}},"41":{"start":{"line":78,"column":6},"end":{"line":78,"column":54}},"42":{"start":{"line":80,"column":6},"end":{"line":80,"column":25}},"43":{"start":{"line":81,"column":6},"end":{"line":81,"column":24}},"44":{"start":{"line":84,"column":2},"end":{"line":204,"column":4}},"45":{"start":{"line":107,"column":16},"end":{"line":130,"column":22}},"46":{"start":{"line":125,"column":37},"end":{"line":125,"column":58}},"47":{"start":{"line":145,"column":37},"end":{"line":145,"column":72}},"48":{"start":{"line":156,"column":37},"end":{"line":156,"column":72}},"49":{"start":{"line":164,"column":24},"end":{"line":166,"column":26}},"50":{"start":{"line":186,"column":48},"end":{"line":186,"column":69}}},"fnMap":{"0":{"name":"(anonymous_0)","decl":{"start":{"line":12,"column":17},"end":{"line":12,"column":18}},"loc":{"start":{"line":12,"column":23},"end":{"line":205,"column":1}},"line":12},"1":{"name":"(anonymous_1)","decl":{"start":{"line":21,"column":21},"end":{"line":21,"column":22}},"loc":{"start":{"line":21,"column":27},"end":{"line":38,"column":3}},"line":21},"2":{"name":"(anonymous_2)","decl":{"start":{"line":24,"column":16},"end":{"line":24,"column":17}},"loc":{"start":{"line":24,"column":26},"end":{"line":30,"column":7}},"line":24},"3":{"name":"(anonymous_3)","decl":{"start":{"line":40,"column":25},"end":{"line":40,"column":26}},"loc":{"start":{"line":40,"column":34},"end":{"line":50,"column":3}},"line":40},"4":{"name":"(anonymous_4)","decl":{"start":{"line":43,"column":35},"end":{"line":43,"column":36}},"loc":{"start":{"line":43,"column":45},"end":{"line":43,"column":61}},"line":43},"5":{"name":"(anonymous_5)","decl":{"start":{"line":53,"column":19},"end":{"line":53,"column":20}},"loc":{"start":{"line":53,"column":31},"end":{"line":60,"column":3}},"line":53},"6":{"name":"(anonymous_6)","decl":{"start":{"line":61,"column":12},"end":{"line":61,"column":13}},"loc":{"start":{"line":61,"column":18},"end":{"line":63,"column":3}},"line":61},"7":{"name":"(anonymous_7)","decl":{"start":{"line":66,"column":24},"end":{"line":66,"column":25}},"loc":{"start":{"line":66,"column":36},"end":{"line":83,"column":3}},"line":66},"8":{"name":"(anonymous_8)","decl":{"start":{"line":106,"column":25},"end":{"line":106,"column":26}},"loc":{"start":{"line":107,"column":16},"end":{"line":130,"column":22}},"line":107},"9":{"name":"(anonymous_9)","decl":{"start":{"line":125,"column":31},"end":{"line":125,"column":32}},"loc":{"start":{"line":125,"column":37},"end":{"line":125,"column":58}},"line":125},"10":{"name":"(anonymous_10)","decl":{"start":{"line":145,"column":31},"end":{"line":145,"column":32}},"loc":{"start":{"line":145,"column":37},"end":{"line":145,"column":72}},"line":145},"11":{"name":"(anonymous_11)","decl":{"start":{"line":156,"column":31},"end":{"line":156,"column":32}},"loc":{"start":{"line":156,"column":37},"end":{"line":156,"column":72}},"line":156},"12":{"name":"(anonymous_12)","decl":{"start":{"line":163,"column":31},"end":{"line":163,"column":32}},"loc":{"start":{"line":164,"column":24},"end":{"line":166,"column":26}},"line":164},"13":{"name":"(anonymous_13)","decl":{"start":{"line":186,"column":34},"end":{"line":186,"column":35}},"loc":{"start":{"line":186,"column":48},"end":{"line":186,"column":69}},"line":186}},"branchMap":{"0":{"loc":{"start":{"line":25,"column":8},"end":{"line":29,"column":9}},"type":"if","locations":[{"start":{"line":25,"column":8},"end":{"line":29,"column":9}},{"start":{"line":27,"column":15},"end":{"line":29,"column":9}}],"line":25},"1":{"loc":{"start":{"line":25,"column":12},"end":{"line":25,"column":64}},"type":"binary-expr","locations":[{"start":{"line":25,"column":12},"end":{"line":25,"column":42}},{"start":{"line":25,"column":46},"end":{"line":25,"column":64}}],"line":25},"2":{"loc":{"start":{"line":90,"column":15},"end":{"line":92,"column":61}},"type":"cond-expr","locations":[{"start":{"line":91,"column":18},"end":{"line":91,"column":31}},{"start":{"line":92,"column":18},"end":{"line":92,"column":61}}],"line":90},"3":{"loc":{"start":{"line":92,"column":28},"end":{"line":92,"column":59}},"type":"binary-expr","locations":[{"start":{"line":92,"column":28},"end":{"line":92,"column":39}},{"start":{"line":92,"column":43},"end":{"line":92,"column":59}}],"line":92},"4":{"loc":{"start":{"line":94,"column":17},"end":{"line":98,"column":41}},"type":"cond-expr","locations":[{"start":{"line":95,"column":20},"end":{"line":97,"column":22}},{"start":{"line":98,"column":20},"end":{"line":98,"column":41}}],"line":94},"5":{"loc":{"start":{"line":96,"column":22},"end":{"line":96,"column":69}},"type":"cond-expr","locations":[{"start":{"line":96,"column":36},"end":{"line":96,"column":38}},{"start":{"line":96,"column":41},"end":{"line":96,"column":69}}],"line":96},"6":{"loc":{"start":{"line":138,"column":15},"end":{"line":173,"column":15}},"type":"cond-expr","locations":[{"start":{"line":139,"column":16},"end":{"line":150,"column":19}},{"start":{"line":152,"column":16},"end":{"line":172,"column":22}}],"line":138},"7":{"loc":{"start":{"line":153,"column":19},"end":{"line":171,"column":19}},"type":"cond-expr","locations":[{"start":{"line":154,"column":20},"end":{"line":159,"column":29}},{"start":{"line":161,"column":20},"end":{"line":170,"column":29}}],"line":153},"8":{"loc":{"start":{"line":175,"column":17},"end":{"line":197,"column":17}},"type":"cond-expr","locations":[{"start":{"line":176,"column":18},"end":{"line":176,"column":20}},{"start":{"line":178,"column":18},"end":{"line":196,"column":21}}],"line":175},"9":{"loc":{"start":{"line":175,"column":17},"end":{"line":175,"column":62}},"type":"binary-expr","locations":[{"start":{"line":175,"column":17},"end":{"line":175,"column":29}},{"start":{"line":175,"column":33},"end":{"line":175,"column":45}},{"start":{"line":175,"column":49},"end":{"line":175,"column":62}}],"line":175},"10":{"loc":{"start":{"line":192,"column":32},"end":{"line":192,"column":76}},"type":"binary-expr","locations":[{"start":{"line":192,"column":32},"end":{"line":192,"column":39}},{"start":{"line":192,"column":43},"end":{"line":192,"column":52}},{"start":{"line":192,"column":56},"end":{"line":192,"column":76}}],"line":192},"11":{"loc":{"start":{"line":194,"column":23},"end":{"line":194,"column":67}},"type":"cond-expr","locations":[{"start":{"line":194,"column":33},"end":{"line":194,"column":50}},{"start":{"line":194,"column":53},"end":{"line":194,"column":67}}],"line":194}},"s":{"0":1,"1":56,"2":56,"3":56,"4":55,"5":55,"6":55,"7":55,"8":55,"9":55,"10":55,"11":55,"12":53,"13":2,"14":55,"15":1,"16":55,"17":6,"18":6,"19":6,"20":6,"21":6,"22":6,"23":5,"24":1,"25":55,"26":39,"27":39,"28":31,"29":8,"30":55,"31":39,"32":55,"33":4,"34":4,"35":4,"36":2,"37":1,"38":1,"39":1,"40":1,"41":1,"42":2,"43":2,"44":55,"45":55,"46":6,"47":2,"48":2,"49":2,"50":6},"f":{"0":56,"1":55,"2":55,"3":6,"4":6,"5":39,"6":39,"7":4,"8":55,"9":6,"10":2,"11":2,"12":2,"13":6},"b":{"0":[53,2],"1":[55,53],"2":[6,49],"3":[49,49],"4":[49,6],"5":[44,5],"6":[41,14],"7":[8,6],"8":[39,16],"9":[55,16,16],"10":[16,12,6],"11":[4,12]},"_coverageSchema":"1a1c01bbd47fc00a2c39e90264f33305004495a9","hash":"9a0b221614f96c1ba3a00053c019cbf295fc368d"}
,"/Users/pughal/myRoot/myNUSJourney/CS4218/cs4218-2510-ecom-project-team012/client/src/pages/Categories.js": {"path":"/Users/pughal/myRoot/myNUSJourney/CS4218/cs4218-2510-ecom-project-team012/client/src/pages/Categories.js","statementMap":{"0":{"start":{"line":5,"column":19},"end":{"line":22,"column":1}},"1":{"start":{"line":6,"column":25},"end":{"line":6,"column":38}},"2":{"start":{"line":7,"column":2},"end":{"line":21,"column":4}},"3":{"start":{"line":12,"column":12},"end":{"line":16,"column":18}}},"fnMap":{"0":{"name":"(anonymous_0)","decl":{"start":{"line":5,"column":19},"end":{"line":5,"column":20}},"loc":{"start":{"line":5,"column":25},"end":{"line":22,"column":1}},"line":5},"1":{"name":"(anonymous_1)","decl":{"start":{"line":11,"column":26},"end":{"line":11,"column":27}},"loc":{"start":{"line":12,"column":12},"end":{"line":16,"column":18}},"line":12}},"branchMap":{},"s":{"0":1,"1":2,"2":2,"3":2},"f":{"0":2,"1":2},"b":{},"_coverageSchema":"1a1c01bbd47fc00a2c39e90264f33305004495a9","hash":"4f807fa4aeaa18c7ad6aa1dce6b9e04a7c54739c"}
,"/Users/pughal/myRoot/myNUSJourney/CS4218/cs4218-2510-ecom-project-team012/client/src/pages/CategoryProduct.js": {"path":"/Users/pughal/myRoot/myNUSJourney/CS4218/cs4218-2510-ecom-project-team012/client/src/pages/CategoryProduct.js","statementMap":{"0":{"start":{"line":6,"column":24},"end":{"line":98,"column":1}},"1":{"start":{"line":7,"column":17},"end":{"line":7,"column":28}},"2":{"start":{"line":8,"column":19},"end":{"line":8,"column":32}},"3":{"start":{"line":9,"column":34},"end":{"line":9,"column":46}},"4":{"start":{"line":10,"column":34},"end":{"line":10,"column":46}},"5":{"start":{"line":12,"column":2},"end":{"line":14,"column":21}},"6":{"start":{"line":13,"column":4},"end":{"line":13,"column":40}},"7":{"start":{"line":13,"column":22},"end":{"line":13,"column":40}},"8":{"start":{"line":15,"column":26},"end":{"line":25,"column":3}},"9":{"start":{"line":16,"column":4},"end":{"line":24,"column":5}},"10":{"start":{"line":17,"column":23},"end":{"line":19,"column":7}},"11":{"start":{"line":20,"column":6},"end":{"line":20,"column":34}},"12":{"start":{"line":21,"column":6},"end":{"line":21,"column":34}},"13":{"start":{"line":23,"column":6},"end":{"line":23,"column":25}},"14":{"start":{"line":27,"column":2},"end":{"line":97,"column":4}},"15":{"start":{"line":36,"column":16},"end":{"line":77,"column":22}},"16":{"start":{"line":58,"column":39},"end":{"line":58,"column":69}}},"fnMap":{"0":{"name":"(anonymous_0)","decl":{"start":{"line":6,"column":24},"end":{"line":6,"column":25}},"loc":{"start":{"line":6,"column":30},"end":{"line":98,"column":1}},"line":6},"1":{"name":"(anonymous_1)","decl":{"start":{"line":12,"column":12},"end":{"line":12,"column":13}},"loc":{"start":{"line":12,"column":18},"end":{"line":14,"column":3}},"line":12},"2":{"name":"(anonymous_2)","decl":{"start":{"line":15,"column":26},"end":{"line":15,"column":27}},"loc":{"start":{"line":15,"column":38},"end":{"line":25,"column":3}},"line":15},"3":{"name":"(anonymous_3)","decl":{"start":{"line":35,"column":29},"end":{"line":35,"column":30}},"loc":{"start":{"line":36,"column":16},"end":{"line":77,"column":22}},"line":36},"4":{"name":"(anonymous_4)","decl":{"start":{"line":58,"column":33},"end":{"line":58,"column":34}},"loc":{"start":{"line":58,"column":39},"end":{"line":58,"column":69}},"line":58}},"branchMap":{"0":{"loc":{"start":{"line":13,"column":4},"end":{"line":13,"column":40}},"type":"if","locations":[{"start":{"line":13,"column":4},"end":{"line":13,"column":40}},{"start":{},"end":{}}],"line":13}},"s":{"0":1,"1":21,"2":21,"3":21,"4":21,"5":21,"6":12,"7":11,"8":21,"9":11,"10":11,"11":10,"12":10,"13":1,"14":21,"15":9,"16":1},"f":{"0":21,"1":12,"2":11,"3":9,"4":1},"b":{"0":[11,1]},"_coverageSchema":"1a1c01bbd47fc00a2c39e90264f33305004495a9","hash":"a33d177fb720d52d6161c40d02916e83ccc77f71"}
,"/Users/pughal/myRoot/myNUSJourney/CS4218/cs4218-2510-ecom-project-team012/client/src/pages/Contact.js": {"path":"/Users/pughal/myRoot/myNUSJourney/CS4218/cs4218-2510-ecom-project-team012/client/src/pages/Contact.js","statementMap":{"0":{"start":{"line":4,"column":16},"end":{"line":35,"column":1}},"1":{"start":{"line":6,"column":2},"end":{"line":34,"column":4}}},"fnMap":{"0":{"name":"(anonymous_0)","decl":{"start":{"line":4,"column":16},"end":{"line":4,"column":17}},"loc":{"start":{"line":4,"column":22},"end":{"line":35,"column":1}},"line":4}},"branchMap":{},"s":{"0":1,"1":0},"f":{"0":0},"b":{},"_coverageSchema":"1a1c01bbd47fc00a2c39e90264f33305004495a9","hash":"a3eff71957ba43235a1cdf57674943918b068827"}
,"/Users/pughal/myRoot/myNUSJourney/CS4218/cs4218-2510-ecom-project-team012/client/src/pages/HomePage.js": {"path":"/Users/pughal/myRoot/myNUSJourney/CS4218/cs4218-2510-ecom-project-team012/client/src/pages/HomePage.js","statementMap":{"0":{"start":{"line":12,"column":17},"end":{"line":224,"column":1}},"1":{"start":{"line":13,"column":19},"end":{"line":13,"column":32}},"2":{"start":{"line":14,"column":26},"end":{"line":14,"column":35}},"3":{"start":{"line":15,"column":34},"end":{"line":15,"column":46}},"4":{"start":{"line":16,"column":38},"end":{"line":16,"column":50}},"5":{"start":{"line":17,"column":32},"end":{"line":17,"column":44}},"6":{"start":{"line":18,"column":28},"end":{"line":18,"column":40}},"7":{"start":{"line":19,"column":28},"end":{"line":19,"column":39}},"8":{"start":{"line":20,"column":26},"end":{"line":20,"column":37}},"9":{"start":{"line":21,"column":32},"end":{"line":21,"column":47}},"10":{"start":{"line":24,"column":25},"end":{"line":33,"column":3}},"11":{"start":{"line":25,"column":4},"end":{"line":32,"column":5}},"12":{"start":{"line":26,"column":23},"end":{"line":26,"column":71}},"13":{"start":{"line":27,"column":6},"end":{"line":29,"column":7}},"14":{"start":{"line":28,"column":8},"end":{"line":28,"column":38}},"15":{"start":{"line":31,"column":6},"end":{"line":31,"column":25}},"16":{"start":{"line":35,"column":2},"end":{"line":38,"column":9}},"17":{"start":{"line":36,"column":4},"end":{"line":36,"column":21}},"18":{"start":{"line":37,"column":4},"end":{"line":37,"column":15}},"19":{"start":{"line":40,"column":25},"end":{"line":50,"column":3}},"20":{"start":{"line":41,"column":4},"end":{"line":49,"column":5}},"21":{"start":{"line":42,"column":6},"end":{"line":42,"column":23}},"22":{"start":{"line":43,"column":23},"end":{"line":43,"column":78}},"23":{"start":{"line":44,"column":6},"end":{"line":44,"column":24}},"24":{"start":{"line":45,"column":6},"end":{"line":45,"column":33}},"25":{"start":{"line":47,"column":6},"end":{"line":47,"column":24}},"26":{"start":{"line":48,"column":6},"end":{"line":48,"column":25}},"27":{"start":{"line":53,"column":19},"end":{"line":60,"column":3}},"28":{"start":{"line":54,"column":4},"end":{"line":59,"column":5}},"29":{"start":{"line":55,"column":23},"end":{"line":55,"column":71}},"30":{"start":{"line":56,"column":6},"end":{"line":56,"column":28}},"31":{"start":{"line":58,"column":6},"end":{"line":58,"column":25}},"32":{"start":{"line":62,"column":2},"end":{"line":65,"column":13}},"33":{"start":{"line":63,"column":4},"end":{"line":63,"column":27}},"34":{"start":{"line":63,"column":20},"end":{"line":63,"column":27}},"35":{"start":{"line":64,"column":4},"end":{"line":64,"column":15}},"36":{"start":{"line":67,"column":19},"end":{"line":77,"column":3}},"37":{"start":{"line":68,"column":4},"end":{"line":76,"column":5}},"38":{"start":{"line":69,"column":6},"end":{"line":69,"column":23}},"39":{"start":{"line":70,"column":23},"end":{"line":70,"column":78}},"40":{"start":{"line":71,"column":6},"end":{"line":71,"column":24}},"41":{"start":{"line":72,"column":6},"end":{"line":72,"column":52}},"42":{"start":{"line":74,"column":6},"end":{"line":74,"column":25}},"43":{"start":{"line":75,"column":6},"end":{"line":75,"column":24}},"44":{"start":{"line":80,"column":23},"end":{"line":88,"column":3}},"45":{"start":{"line":81,"column":14},"end":{"line":81,"column":26}},"46":{"start":{"line":82,"column":4},"end":{"line":86,"column":5}},"47":{"start":{"line":83,"column":6},"end":{"line":83,"column":19}},"48":{"start":{"line":85,"column":6},"end":{"line":85,"column":40}},"49":{"start":{"line":85,"column":30},"end":{"line":85,"column":38}},"50":{"start":{"line":87,"column":4},"end":{"line":87,"column":20}},"51":{"start":{"line":89,"column":2},"end":{"line":91,"column":37}},"52":{"start":{"line":90,"column":4},"end":{"line":90,"column":59}},"53":{"start":{"line":90,"column":42},"end":{"line":90,"column":59}},"54":{"start":{"line":93,"column":2},"end":{"line":95,"column":23}},"55":{"start":{"line":94,"column":4},"end":{"line":94,"column":56}},"56":{"start":{"line":94,"column":40},"end":{"line":94,"column":56}},"57":{"start":{"line":98,"column":24},"end":{"line":108,"column":3}},"58":{"start":{"line":99,"column":4},"end":{"line":107,"column":5}},"59":{"start":{"line":100,"column":23},"end":{"line":103,"column":8}},"60":{"start":{"line":104,"column":6},"end":{"line":104,"column":34}},"61":{"start":{"line":106,"column":6},"end":{"line":106,"column":25}},"62":{"start":{"line":109,"column":2},"end":{"line":223,"column":4}},"63":{"start":{"line":124,"column":14},"end":{"line":129,"column":25}},"64":{"start":{"line":126,"column":33},"end":{"line":126,"column":70}},"65":{"start":{"line":135,"column":42},"end":{"line":135,"column":66}},"66":{"start":{"line":137,"column":16},"end":{"line":139,"column":22}},"67":{"start":{"line":146,"column":29},"end":{"line":146,"column":53}},"68":{"start":{"line":156,"column":14},"end":{"line":197,"column":20}},"69":{"start":{"line":178,"column":37},"end":{"line":178,"column":67}},"70":{"start":{"line":185,"column":24},"end":{"line":185,"column":46}},"71":{"start":{"line":186,"column":24},"end":{"line":189,"column":26}},"72":{"start":{"line":190,"column":24},"end":{"line":190,"column":60}},"73":{"start":{"line":205,"column":18},"end":{"line":205,"column":37}},"74":{"start":{"line":206,"column":18},"end":{"line":206,"column":36}}},"fnMap":{"0":{"name":"(anonymous_0)","decl":{"start":{"line":12,"column":17},"end":{"line":12,"column":18}},"loc":{"start":{"line":12,"column":23},"end":{"line":224,"column":1}},"line":12},"1":{"name":"(anonymous_1)","decl":{"start":{"line":24,"column":25},"end":{"line":24,"column":26}},"loc":{"start":{"line":24,"column":37},"end":{"line":33,"column":3}},"line":24},"2":{"name":"(anonymous_2)","decl":{"start":{"line":35,"column":12},"end":{"line":35,"column":13}},"loc":{"start":{"line":35,"column":18},"end":{"line":38,"column":3}},"line":35},"3":{"name":"(anonymous_3)","decl":{"start":{"line":40,"column":25},"end":{"line":40,"column":26}},"loc":{"start":{"line":40,"column":37},"end":{"line":50,"column":3}},"line":40},"4":{"name":"(anonymous_4)","decl":{"start":{"line":53,"column":19},"end":{"line":53,"column":20}},"loc":{"start":{"line":53,"column":31},"end":{"line":60,"column":3}},"line":53},"5":{"name":"(anonymous_5)","decl":{"start":{"line":62,"column":12},"end":{"line":62,"column":13}},"loc":{"start":{"line":62,"column":18},"end":{"line":65,"column":3}},"line":62},"6":{"name":"(anonymous_6)","decl":{"start":{"line":67,"column":19},"end":{"line":67,"column":20}},"loc":{"start":{"line":67,"column":31},"end":{"line":77,"column":3}},"line":67},"7":{"name":"(anonymous_7)","decl":{"start":{"line":80,"column":23},"end":{"line":80,"column":24}},"loc":{"start":{"line":80,"column":38},"end":{"line":88,"column":3}},"line":80},"8":{"name":"(anonymous_8)","decl":{"start":{"line":85,"column":23},"end":{"line":85,"column":24}},"loc":{"start":{"line":85,"column":30},"end":{"line":85,"column":38}},"line":85},"9":{"name":"(anonymous_9)","decl":{"start":{"line":89,"column":12},"end":{"line":89,"column":13}},"loc":{"start":{"line":89,"column":18},"end":{"line":91,"column":3}},"line":89},"10":{"name":"(anonymous_10)","decl":{"start":{"line":93,"column":12},"end":{"line":93,"column":13}},"loc":{"start":{"line":93,"column":18},"end":{"line":95,"column":3}},"line":93},"11":{"name":"(anonymous_11)","decl":{"start":{"line":98,"column":24},"end":{"line":98,"column":25}},"loc":{"start":{"line":98,"column":36},"end":{"line":108,"column":3}},"line":98},"12":{"name":"(anonymous_12)","decl":{"start":{"line":123,"column":29},"end":{"line":123,"column":30}},"loc":{"start":{"line":124,"column":14},"end":{"line":129,"column":25}},"line":124},"13":{"name":"(anonymous_13)","decl":{"start":{"line":126,"column":26},"end":{"line":126,"column":27}},"loc":{"start":{"line":126,"column":33},"end":{"line":126,"column":70}},"line":126},"14":{"name":"(anonymous_14)","decl":{"start":{"line":135,"column":35},"end":{"line":135,"column":36}},"loc":{"start":{"line":135,"column":42},"end":{"line":135,"column":66}},"line":135},"15":{"name":"(anonymous_15)","decl":{"start":{"line":136,"column":27},"end":{"line":136,"column":28}},"loc":{"start":{"line":137,"column":16},"end":{"line":139,"column":22}},"line":137},"16":{"name":"(anonymous_16)","decl":{"start":{"line":146,"column":23},"end":{"line":146,"column":24}},"loc":{"start":{"line":146,"column":29},"end":{"line":146,"column":53}},"line":146},"17":{"name":"(anonymous_17)","decl":{"start":{"line":155,"column":27},"end":{"line":155,"column":28}},"loc":{"start":{"line":156,"column":14},"end":{"line":197,"column":20}},"line":156},"18":{"name":"(anonymous_18)","decl":{"start":{"line":178,"column":31},"end":{"line":178,"column":32}},"loc":{"start":{"line":178,"column":37},"end":{"line":178,"column":67}},"line":178},"19":{"name":"(anonymous_19)","decl":{"start":{"line":184,"column":31},"end":{"line":184,"column":32}},"loc":{"start":{"line":184,"column":37},"end":{"line":191,"column":23}},"line":184},"20":{"name":"(anonymous_20)","decl":{"start":{"line":204,"column":25},"end":{"line":204,"column":26}},"loc":{"start":{"line":204,"column":32},"end":{"line":207,"column":17}},"line":204}},"branchMap":{"0":{"loc":{"start":{"line":27,"column":6},"end":{"line":29,"column":7}},"type":"if","locations":[{"start":{"line":27,"column":6},"end":{"line":29,"column":7}},{"start":{},"end":{}}],"line":27},"1":{"loc":{"start":{"line":63,"column":4},"end":{"line":63,"column":27}},"type":"if","locations":[{"start":{"line":63,"column":4},"end":{"line":63,"column":27}},{"start":{},"end":{}}],"line":63},"2":{"loc":{"start":{"line":82,"column":4},"end":{"line":86,"column":5}},"type":"if","locations":[{"start":{"line":82,"column":4},"end":{"line":86,"column":5}},{"start":{"line":84,"column":11},"end":{"line":86,"column":5}}],"line":82},"3":{"loc":{"start":{"line":90,"column":4},"end":{"line":90,"column":59}},"type":"if","locations":[{"start":{"line":90,"column":4},"end":{"line":90,"column":59}},{"start":{},"end":{}}],"line":90},"4":{"loc":{"start":{"line":90,"column":8},"end":{"line":90,"column":40}},"type":"binary-expr","locations":[{"start":{"line":90,"column":8},"end":{"line":90,"column":23}},{"start":{"line":90,"column":27},"end":{"line":90,"column":40}}],"line":90},"5":{"loc":{"start":{"line":94,"column":4},"end":{"line":94,"column":56}},"type":"if","locations":[{"start":{"line":94,"column":4},"end":{"line":94,"column":56}},{"start":{},"end":{}}],"line":94},"6":{"loc":{"start":{"line":94,"column":8},"end":{"line":94,"column":38}},"type":"binary-expr","locations":[{"start":{"line":94,"column":8},"end":{"line":94,"column":22}},{"start":{"line":94,"column":26},"end":{"line":94,"column":38}}],"line":94},"7":{"loc":{"start":{"line":201,"column":13},"end":{"line":218,"column":13}},"type":"binary-expr","locations":[{"start":{"line":201,"column":13},"end":{"line":201,"column":21}},{"start":{"line":201,"column":25},"end":{"line":201,"column":48}},{"start":{"line":202,"column":14},"end":{"line":217,"column":23}}],"line":201},"8":{"loc":{"start":{"line":209,"column":17},"end":{"line":216,"column":17}},"type":"cond-expr","locations":[{"start":{"line":210,"column":18},"end":{"line":210,"column":31}},{"start":{"line":212,"column":18},"end":{"line":215,"column":21}}],"line":209}},"s":{"0":0,"1":0,"2":0,"3":0,"4":0,"5":0,"6":0,"7":0,"8":0,"9":0,"10":0,"11":0,"12":0,"13":0,"14":0,"15":0,"16":0,"17":0,"18":0,"19":0,"20":0,"21":0,"22":0,"23":0,"24":0,"25":0,"26":0,"27":0,"28":0,"29":0,"30":0,"31":0,"32":0,"33":0,"34":0,"35":0,"36":0,"37":0,"38":0,"39":0,"40":0,"41":0,"42":0,"43":0,"44":0,"45":0,"46":0,"47":0,"48":0,"49":0,"50":0,"51":0,"52":0,"53":0,"54":0,"55":0,"56":0,"57":0,"58":0,"59":0,"60":0,"61":0,"62":0,"63":0,"64":0,"65":0,"66":0,"67":0,"68":0,"69":0,"70":0,"71":0,"72":0,"73":0,"74":0},"f":{"0":0,"1":0,"2":0,"3":0,"4":0,"5":0,"6":0,"7":0,"8":0,"9":0,"10":0,"11":0,"12":0,"13":0,"14":0,"15":0,"16":0,"17":0,"18":0,"19":0,"20":0},"b":{"0":[0,0],"1":[0,0],"2":[0,0],"3":[0,0],"4":[0,0],"5":[0,0],"6":[0,0],"7":[0,0,0],"8":[0,0]}}
,"/Users/pughal/myRoot/myNUSJourney/CS4218/cs4218-2510-ecom-project-team012/client/src/pages/Pagenotfound.js": {"path":"/Users/pughal/myRoot/myNUSJourney/CS4218/cs4218-2510-ecom-project-team012/client/src/pages/Pagenotfound.js","statementMap":{"0":{"start":{"line":5,"column":21},"end":{"line":17,"column":1}},"1":{"start":{"line":6,"column":2},"end":{"line":16,"column":4}}},"fnMap":{"0":{"name":"(anonymous_0)","decl":{"start":{"line":5,"column":21},"end":{"line":5,"column":22}},"loc":{"start":{"line":5,"column":27},"end":{"line":17,"column":1}},"line":5}},"branchMap":{},"s":{"0":0,"1":0},"f":{"0":0},"b":{}}
,"/Users/pughal/myRoot/myNUSJourney/CS4218/cs4218-2510-ecom-project-team012/client/src/pages/Policy.js": {"path":"/Users/pughal/myRoot/myNUSJourney/CS4218/cs4218-2510-ecom-project-team012/client/src/pages/Policy.js","statementMap":{"0":{"start":{"line":4,"column":15},"end":{"line":27,"column":1}},"1":{"start":{"line":5,"column":2},"end":{"line":26,"column":4}}},"fnMap":{"0":{"name":"(anonymous_0)","decl":{"start":{"line":4,"column":15},"end":{"line":4,"column":16}},"loc":{"start":{"line":4,"column":21},"end":{"line":27,"column":1}},"line":4}},"branchMap":{},"s":{"0":0,"1":0},"f":{"0":0},"b":{}}
,"/Users/pughal/myRoot/myNUSJourney/CS4218/cs4218-2510-ecom-project-team012/client/src/pages/ProductDetails.js": {"path":"/Users/pughal/myRoot/myNUSJourney/CS4218/cs4218-2510-ecom-project-team012/client/src/pages/ProductDetails.js","statementMap":{"0":{"start":{"line":9,"column":23},"end":{"line":135,"column":1}},"1":{"start":{"line":10,"column":17},"end":{"line":10,"column":28}},"2":{"start":{"line":11,"column":19},"end":{"line":11,"column":32}},"3":{"start":{"line":12,"column":32},"end":{"line":12,"column":44}},"4":{"start":{"line":13,"column":48},"end":{"line":13,"column":60}},"5":{"start":{"line":14,"column":26},"end":{"line":14,"column":35}},"6":{"start":{"line":17,"column":2},"end":{"line":19,"column":21}},"7":{"start":{"line":18,"column":4},"end":{"line":18,"column":35}},"8":{"start":{"line":18,"column":22},"end":{"line":18,"column":35}},"9":{"start":{"line":21,"column":21},"end":{"line":31,"column":3}},"10":{"start":{"line":22,"column":4},"end":{"line":30,"column":5}},"11":{"start":{"line":23,"column":23},"end":{"line":25,"column":7}},"12":{"start":{"line":26,"column":6},"end":{"line":26,"column":32}},"13":{"start":{"line":27,"column":6},"end":{"line":27,"column":71}},"14":{"start":{"line":29,"column":6},"end":{"line":29,"column":25}},"15":{"start":{"line":33,"column":28},"end":{"line":42,"column":3}},"16":{"start":{"line":34,"column":4},"end":{"line":41,"column":5}},"17":{"start":{"line":35,"column":23},"end":{"line":37,"column":7}},"18":{"start":{"line":38,"column":6},"end":{"line":38,"column":41}},"19":{"start":{"line":40,"column":6},"end":{"line":40,"column":25}},"20":{"start":{"line":43,"column":2},"end":{"line":134,"column":4}},"21":{"start":{"line":71,"column":14},"end":{"line":71,"column":42}},"22":{"start":{"line":72,"column":14},"end":{"line":72,"column":79}},"23":{"start":{"line":73,"column":14},"end":{"line":73,"column":50}},"24":{"start":{"line":88,"column":12},"end":{"line":129,"column":18}},"25":{"start":{"line":110,"column":35},"end":{"line":110,"column":65}}},"fnMap":{"0":{"name":"(anonymous_0)","decl":{"start":{"line":9,"column":23},"end":{"line":9,"column":24}},"loc":{"start":{"line":9,"column":29},"end":{"line":135,"column":1}},"line":9},"1":{"name":"(anonymous_1)","decl":{"start":{"line":17,"column":12},"end":{"line":17,"column":13}},"loc":{"start":{"line":17,"column":18},"end":{"line":19,"column":3}},"line":17},"2":{"name":"(anonymous_2)","decl":{"start":{"line":21,"column":21},"end":{"line":21,"column":22}},"loc":{"start":{"line":21,"column":33},"end":{"line":31,"column":3}},"line":21},"3":{"name":"(anonymous_3)","decl":{"start":{"line":33,"column":28},"end":{"line":33,"column":29}},"loc":{"start":{"line":33,"column":48},"end":{"line":42,"column":3}},"line":33},"4":{"name":"(anonymous_4)","decl":{"start":{"line":70,"column":21},"end":{"line":70,"column":22}},"loc":{"start":{"line":70,"column":27},"end":{"line":74,"column":13}},"line":70},"5":{"name":"(anonymous_5)","decl":{"start":{"line":87,"column":32},"end":{"line":87,"column":33}},"loc":{"start":{"line":88,"column":12},"end":{"line":129,"column":18}},"line":88},"6":{"name":"(anonymous_6)","decl":{"start":{"line":110,"column":29},"end":{"line":110,"column":30}},"loc":{"start":{"line":110,"column":35},"end":{"line":110,"column":65}},"line":110}},"branchMap":{"0":{"loc":{"start":{"line":18,"column":4},"end":{"line":18,"column":35}},"type":"if","locations":[{"start":{"line":18,"column":4},"end":{"line":18,"column":35}},{"start":{},"end":{}}],"line":18},"1":{"loc":{"start":{"line":83,"column":9},"end":{"line":85,"column":9}},"type":"binary-expr","locations":[{"start":{"line":83,"column":9},"end":{"line":83,"column":35}},{"start":{"line":84,"column":10},"end":{"line":84,"column":66}}],"line":83}},"s":{"0":1,"1":27,"2":27,"3":27,"4":27,"5":27,"6":27,"7":16,"8":15,"9":27,"10":15,"11":15,"12":14,"13":14,"14":2,"15":27,"16":13,"17":13,"18":12,"19":1,"20":27,"21":2,"22":2,"23":2,"24":12,"25":1},"f":{"0":27,"1":16,"2":15,"3":13,"4":2,"5":12,"6":1},"b":{"0":[15,1],"1":[27,20]},"_coverageSchema":"1a1c01bbd47fc00a2c39e90264f33305004495a9","hash":"514c6e40bb9bc3aeb00e8d9b5e25c8f4f1994331"}
,"/Users/pughal/myRoot/myNUSJourney/CS4218/cs4218-2510-ecom-project-team012/client/src/pages/Search.js": {"path":"/Users/pughal/myRoot/myNUSJourney/CS4218/cs4218-2510-ecom-project-team012/client/src/pages/Search.js","statementMap":{"0":{"start":{"line":4,"column":15},"end":{"line":40,"column":1}},"1":{"start":{"line":5,"column":30},"end":{"line":5,"column":41}},"2":{"start":{"line":6,"column":2},"end":{"line":39,"column":4}},"3":{"start":{"line":18,"column":14},"end":{"line":33,"column":20}}},"fnMap":{"0":{"name":"(anonymous_0)","decl":{"start":{"line":4,"column":15},"end":{"line":4,"column":16}},"loc":{"start":{"line":4,"column":21},"end":{"line":40,"column":1}},"line":4},"1":{"name":"(anonymous_1)","decl":{"start":{"line":17,"column":33},"end":{"line":17,"column":34}},"loc":{"start":{"line":18,"column":14},"end":{"line":33,"column":20}},"line":18}},"branchMap":{"0":{"loc":{"start":{"line":12,"column":13},"end":{"line":14,"column":49}},"type":"cond-expr","locations":[{"start":{"line":13,"column":16},"end":{"line":13,"column":35}},{"start":{"line":14,"column":16},"end":{"line":14,"column":49}}],"line":12}},"s":{"0":1,"1":5,"2":5,"3":6},"f":{"0":5,"1":6},"b":{"0":[1,4]},"_coverageSchema":"1a1c01bbd47fc00a2c39e90264f33305004495a9","hash":"0e53ec70e3f584144fa5d512e384df0099210f6a"}
,"/Users/pughal/myRoot/myNUSJourney/CS4218/cs4218-2510-ecom-project-team012/client/src/pages/Auth/ForgotPassword.js": {"path":"/Users/pughal/myRoot/myNUSJourney/CS4218/cs4218-2510-ecom-project-team012/client/src/pages/Auth/ForgotPassword.js","statementMap":{"0":{"start":{"line":9,"column":23},"end":{"line":109,"column":1}},"1":{"start":{"line":10,"column":28},"end":{"line":10,"column":40}},"2":{"start":{"line":11,"column":40},"end":{"line":11,"column":52}},"3":{"start":{"line":12,"column":52},"end":{"line":12,"column":64}},"4":{"start":{"line":13,"column":30},"end":{"line":13,"column":42}},"5":{"start":{"line":14,"column":26},"end":{"line":14,"column":35}},"6":{"start":{"line":16,"column":19},"end":{"line":16,"column":32}},"7":{"start":{"line":19,"column":23},"end":{"line":49,"column":3}},"8":{"start":{"line":20,"column":4},"end":{"line":20,"column":23}},"9":{"start":{"line":21,"column":4},"end":{"line":48,"column":5}},"10":{"start":{"line":22,"column":6},"end":{"line":25,"column":7}},"11":{"start":{"line":23,"column":8},"end":{"line":23,"column":72}},"12":{"start":{"line":24,"column":8},"end":{"line":24,"column":15}},"13":{"start":{"line":27,"column":18},"end":{"line":31,"column":8}},"14":{"start":{"line":33,"column":6},"end":{"line":44,"column":7}},"15":{"start":{"line":34,"column":8},"end":{"line":34,"column":75}},"16":{"start":{"line":36,"column":8},"end":{"line":39,"column":11}},"17":{"start":{"line":41,"column":8},"end":{"line":41,"column":27}},"18":{"start":{"line":43,"column":8},"end":{"line":43,"column":38}},"19":{"start":{"line":46,"column":6},"end":{"line":46,"column":25}},"20":{"start":{"line":47,"column":6},"end":{"line":47,"column":42}},"21":{"start":{"line":50,"column":2},"end":{"line":108,"column":4}},"22":{"start":{"line":61,"column":31},"end":{"line":61,"column":55}},"23":{"start":{"line":72,"column":31},"end":{"line":72,"column":56}},"24":{"start":{"line":83,"column":31},"end":{"line":83,"column":61}},"25":{"start":{"line":94,"column":31},"end":{"line":94,"column":67}}},"fnMap":{"0":{"name":"(anonymous_0)","decl":{"start":{"line":9,"column":23},"end":{"line":9,"column":24}},"loc":{"start":{"line":9,"column":29},"end":{"line":109,"column":1}},"line":9},"1":{"name":"(anonymous_1)","decl":{"start":{"line":19,"column":23},"end":{"line":19,"column":24}},"loc":{"start":{"line":19,"column":36},"end":{"line":49,"column":3}},"line":19},"2":{"name":"(anonymous_2)","decl":{"start":{"line":61,"column":24},"end":{"line":61,"column":25}},"loc":{"start":{"line":61,"column":31},"end":{"line":61,"column":55}},"line":61},"3":{"name":"(anonymous_3)","decl":{"start":{"line":72,"column":24},"end":{"line":72,"column":25}},"loc":{"start":{"line":72,"column":31},"end":{"line":72,"column":56}},"line":72},"4":{"name":"(anonymous_4)","decl":{"start":{"line":83,"column":24},"end":{"line":83,"column":25}},"loc":{"start":{"line":83,"column":31},"end":{"line":83,"column":61}},"line":83},"5":{"name":"(anonymous_5)","decl":{"start":{"line":94,"column":24},"end":{"line":94,"column":25}},"loc":{"start":{"line":94,"column":31},"end":{"line":94,"column":67}},"line":94}},"branchMap":{"0":{"loc":{"start":{"line":22,"column":6},"end":{"line":25,"column":7}},"type":"if","locations":[{"start":{"line":22,"column":6},"end":{"line":25,"column":7}},{"start":{},"end":{}}],"line":22},"1":{"loc":{"start":{"line":33,"column":6},"end":{"line":44,"column":7}},"type":"if","locations":[{"start":{"line":33,"column":6},"end":{"line":44,"column":7}},{"start":{"line":42,"column":13},"end":{"line":44,"column":7}}],"line":33},"2":{"loc":{"start":{"line":33,"column":10},"end":{"line":33,"column":33}},"type":"binary-expr","locations":[{"start":{"line":33,"column":10},"end":{"line":33,"column":13}},{"start":{"line":33,"column":17},"end":{"line":33,"column":33}}],"line":33}},"s":{"0":1,"1":43,"2":43,"3":43,"4":43,"5":43,"6":43,"7":43,"8":6,"9":6,"10":6,"11":1,"12":1,"13":5,"14":4,"15":3,"16":3,"17":3,"18":1,"19":1,"20":1,"21":43,"22":7,"23":7,"24":7,"25":7},"f":{"0":43,"1":6,"2":7,"3":7,"4":7,"5":7},"b":{"0":[1,5],"1":[3,1],"2":[4,4]},"_coverageSchema":"1a1c01bbd47fc00a2c39e90264f33305004495a9","hash":"3b33be12ae2967088735af6435c5b2cda866294d"}
,"/Users/pughal/myRoot/myNUSJourney/CS4218/cs4218-2510-ecom-project-team012/client/src/pages/Auth/Login.js": {"path":"/Users/pughal/myRoot/myNUSJourney/CS4218/cs4218-2510-ecom-project-team012/client/src/pages/Auth/Login.js","statementMap":{"0":{"start":{"line":9,"column":14},"end":{"line":99,"column":1}},"1":{"start":{"line":10,"column":28},"end":{"line":10,"column":40}},"2":{"start":{"line":11,"column":34},"end":{"line":11,"column":46}},"3":{"start":{"line":12,"column":26},"end":{"line":12,"column":35}},"4":{"start":{"line":14,"column":19},"end":{"line":14,"column":32}},"5":{"start":{"line":15,"column":19},"end":{"line":15,"column":32}},"6":{"start":{"line":18,"column":23},"end":{"line":50,"column":3}},"7":{"start":{"line":19,"column":4},"end":{"line":19,"column":23}},"8":{"start":{"line":20,"column":4},"end":{"line":49,"column":5}},"9":{"start":{"line":21,"column":18},"end":{"line":24,"column":8}},"10":{"start":{"line":25,"column":6},"end":{"line":45,"column":7}},"11":{"start":{"line":26,"column":8},"end":{"line":33,"column":13}},"12":{"start":{"line":35,"column":8},"end":{"line":39,"column":11}},"13":{"start":{"line":41,"column":8},"end":{"line":41,"column":63}},"14":{"start":{"line":42,"column":8},"end":{"line":42,"column":40}},"15":{"start":{"line":44,"column":8},"end":{"line":44,"column":38}},"16":{"start":{"line":47,"column":6},"end":{"line":47,"column":25}},"17":{"start":{"line":48,"column":6},"end":{"line":48,"column":42}},"18":{"start":{"line":51,"column":2},"end":{"line":98,"column":4}},"19":{"start":{"line":62,"column":31},"end":{"line":62,"column":55}},"20":{"start":{"line":73,"column":31},"end":{"line":73,"column":58}},"21":{"start":{"line":85,"column":16},"end":{"line":85,"column":45}}},"fnMap":{"0":{"name":"(anonymous_0)","decl":{"start":{"line":9,"column":14},"end":{"line":9,"column":15}},"loc":{"start":{"line":9,"column":20},"end":{"line":99,"column":1}},"line":9},"1":{"name":"(anonymous_1)","decl":{"start":{"line":18,"column":23},"end":{"line":18,"column":24}},"loc":{"start":{"line":18,"column":36},"end":{"line":50,"column":3}},"line":18},"2":{"name":"(anonymous_2)","decl":{"start":{"line":62,"column":24},"end":{"line":62,"column":25}},"loc":{"start":{"line":62,"column":31},"end":{"line":62,"column":55}},"line":62},"3":{"name":"(anonymous_3)","decl":{"start":{"line":73,"column":24},"end":{"line":73,"column":25}},"loc":{"start":{"line":73,"column":31},"end":{"line":73,"column":58}},"line":73},"4":{"name":"(anonymous_4)","decl":{"start":{"line":84,"column":23},"end":{"line":84,"column":24}},"loc":{"start":{"line":84,"column":29},"end":{"line":86,"column":15}},"line":84}},"branchMap":{"0":{"loc":{"start":{"line":25,"column":6},"end":{"line":45,"column":7}},"type":"if","locations":[{"start":{"line":25,"column":6},"end":{"line":45,"column":7}},{"start":{"line":43,"column":13},"end":{"line":45,"column":7}}],"line":25},"1":{"loc":{"start":{"line":25,"column":10},"end":{"line":25,"column":33}},"type":"binary-expr","locations":[{"start":{"line":25,"column":10},"end":{"line":25,"column":13}},{"start":{"line":25,"column":17},"end":{"line":25,"column":33}}],"line":25},"2":{"loc":{"start":{"line":26,"column":22},"end":{"line":26,"column":50}},"type":"binary-expr","locations":[{"start":{"line":26,"column":22},"end":{"line":26,"column":30}},{"start":{"line":26,"column":34},"end":{"line":26,"column":50}}],"line":26},"3":{"loc":{"start":{"line":42,"column":17},"end":{"line":42,"column":38}},"type":"binary-expr","locations":[{"start":{"line":42,"column":17},"end":{"line":42,"column":31}},{"start":{"line":42,"column":35},"end":{"line":42,"column":38}}],"line":42}},"s":{"0":1,"1":23,"2":23,"3":23,"4":23,"5":23,"6":23,"7":5,"8":5,"9":5,"10":4,"11":3,"12":3,"13":3,"14":3,"15":1,"16":1,"17":1,"18":23,"19":6,"20":6,"21":1},"f":{"0":23,"1":5,"2":6,"3":6,"4":1},"b":{"0":[3,1],"1":[4,4],"2":[3,3],"3":[3,3]},"_coverageSchema":"1a1c01bbd47fc00a2c39e90264f33305004495a9","hash":"dce616eb560389773e2d096ceb1abe4cb3fd57d4"}
,"/Users/pughal/myRoot/myNUSJourney/CS4218/cs4218-2510-ecom-project-team012/client/src/pages/Auth/Register.js": {"path":"/Users/pughal/myRoot/myNUSJourney/CS4218/cs4218-2510-ecom-project-team012/client/src/pages/Auth/Register.js","statementMap":{"0":{"start":{"line":7,"column":17},"end":{"line":132,"column":1}},"1":{"start":{"line":8,"column":26},"end":{"line":8,"column":38}},"2":{"start":{"line":9,"column":28},"end":{"line":9,"column":40}},"3":{"start":{"line":10,"column":34},"end":{"line":10,"column":46}},"4":{"start":{"line":11,"column":28},"end":{"line":11,"column":40}},"5":{"start":{"line":12,"column":32},"end":{"line":12,"column":44}},"6":{"start":{"line":13,"column":24},"end":{"line":13,"column":36}},"7":{"start":{"line":14,"column":30},"end":{"line":14,"column":42}},"8":{"start":{"line":15,"column":19},"end":{"line":15,"column":32}},"9":{"start":{"line":18,"column":23},"end":{"line":40,"column":3}},"10":{"start":{"line":19,"column":4},"end":{"line":19,"column":23}},"11":{"start":{"line":20,"column":4},"end":{"line":39,"column":5}},"12":{"start":{"line":21,"column":18},"end":{"line":29,"column":8}},"13":{"start":{"line":30,"column":6},"end":{"line":35,"column":7}},"14":{"start":{"line":31,"column":8},"end":{"line":31,"column":64}},"15":{"start":{"line":32,"column":8},"end":{"line":32,"column":27}},"16":{"start":{"line":34,"column":8},"end":{"line":34,"column":38}},"17":{"start":{"line":37,"column":6},"end":{"line":37,"column":25}},"18":{"start":{"line":38,"column":6},"end":{"line":38,"column":42}},"19":{"start":{"line":42,"column":2},"end":{"line":131,"column":4}},"20":{"start":{"line":51,"column":31},"end":{"line":51,"column":54}},"21":{"start":{"line":63,"column":31},"end":{"line":63,"column":55}},"22":{"start":{"line":74,"column":31},"end":{"line":74,"column":58}},"23":{"start":{"line":85,"column":31},"end":{"line":85,"column":55}},"24":{"start":{"line":96,"column":31},"end":{"line":96,"column":57}},"25":{"start":{"line":107,"column":31},"end":{"line":107,"column":53}},"26":{"start":{"line":118,"column":31},"end":{"line":118,"column":56}}},"fnMap":{"0":{"name":"(anonymous_0)","decl":{"start":{"line":7,"column":17},"end":{"line":7,"column":18}},"loc":{"start":{"line":7,"column":23},"end":{"line":132,"column":1}},"line":7},"1":{"name":"(anonymous_1)","decl":{"start":{"line":18,"column":23},"end":{"line":18,"column":24}},"loc":{"start":{"line":18,"column":36},"end":{"line":40,"column":3}},"line":18},"2":{"name":"(anonymous_2)","decl":{"start":{"line":51,"column":24},"end":{"line":51,"column":25}},"loc":{"start":{"line":51,"column":31},"end":{"line":51,"column":54}},"line":51},"3":{"name":"(anonymous_3)","decl":{"start":{"line":63,"column":24},"end":{"line":63,"column":25}},"loc":{"start":{"line":63,"column":31},"end":{"line":63,"column":55}},"line":63},"4":{"name":"(anonymous_4)","decl":{"start":{"line":74,"column":24},"end":{"line":74,"column":25}},"loc":{"start":{"line":74,"column":31},"end":{"line":74,"column":58}},"line":74},"5":{"name":"(anonymous_5)","decl":{"start":{"line":85,"column":24},"end":{"line":85,"column":25}},"loc":{"start":{"line":85,"column":31},"end":{"line":85,"column":55}},"line":85},"6":{"name":"(anonymous_6)","decl":{"start":{"line":96,"column":24},"end":{"line":96,"column":25}},"loc":{"start":{"line":96,"column":31},"end":{"line":96,"column":57}},"line":96},"7":{"name":"(anonymous_7)","decl":{"start":{"line":107,"column":24},"end":{"line":107,"column":25}},"loc":{"start":{"line":107,"column":31},"end":{"line":107,"column":53}},"line":107},"8":{"name":"(anonymous_8)","decl":{"start":{"line":118,"column":24},"end":{"line":118,"column":25}},"loc":{"start":{"line":118,"column":31},"end":{"line":118,"column":56}},"line":118}},"branchMap":{"0":{"loc":{"start":{"line":30,"column":6},"end":{"line":35,"column":7}},"type":"if","locations":[{"start":{"line":30,"column":6},"end":{"line":35,"column":7}},{"start":{"line":33,"column":13},"end":{"line":35,"column":7}}],"line":30},"1":{"loc":{"start":{"line":30,"column":10},"end":{"line":30,"column":33}},"type":"binary-expr","locations":[{"start":{"line":30,"column":10},"end":{"line":30,"column":13}},{"start":{"line":30,"column":17},"end":{"line":30,"column":33}}],"line":30}},"s":{"0":1,"1":54,"2":54,"3":54,"4":54,"5":54,"6":54,"7":54,"8":54,"9":54,"10":4,"11":4,"12":4,"13":3,"14":2,"15":2,"16":1,"17":1,"18":1,"19":54,"20":5,"21":5,"22":5,"23":5,"24":5,"25":5,"26":5},"f":{"0":54,"1":4,"2":5,"3":5,"4":5,"5":5,"6":5,"7":5,"8":5},"b":{"0":[2,1],"1":[3,3]},"_coverageSchema":"1a1c01bbd47fc00a2c39e90264f33305004495a9","hash":"c9638b676eb8b5aa30b92cd360e85f3e723e2087"}
,"/Users/pughal/myRoot/myNUSJourney/CS4218/cs4218-2510-ecom-project-team012/client/src/pages/admin/AdminDashboard.js": {"path":"/Users/pughal/myRoot/myNUSJourney/CS4218/cs4218-2510-ecom-project-team012/client/src/pages/admin/AdminDashboard.js","statementMap":{"0":{"start":{"line":5,"column":23},"end":{"line":25,"column":1}},"1":{"start":{"line":6,"column":17},"end":{"line":6,"column":26}},"2":{"start":{"line":7,"column":2},"end":{"line":24,"column":4}}},"fnMap":{"0":{"name":"(anonymous_0)","decl":{"start":{"line":5,"column":23},"end":{"line":5,"column":24}},"loc":{"start":{"line":5,"column":29},"end":{"line":25,"column":1}},"line":5}},"branchMap":{},"s":{"0":1,"1":2,"2":2},"f":{"0":2},"b":{},"_coverageSchema":"1a1c01bbd47fc00a2c39e90264f33305004495a9","hash":"96f141fe7d343c61b8a21940fc2743d00ca0ffec"}
,"/Users/pughal/myRoot/myNUSJourney/CS4218/cs4218-2510-ecom-project-team012/client/src/pages/admin/AdminOrders.js": {"path":"/Users/pughal/myRoot/myNUSJourney/CS4218/cs4218-2510-ecom-project-team012/client/src/pages/admin/AdminOrders.js","statementMap":{"0":{"start":{"line":9,"column":19},"end":{"line":9,"column":25}},"1":{"start":{"line":11,"column":20},"end":{"line":117,"column":1}},"2":{"start":{"line":12,"column":30},"end":{"line":18,"column":4}},"3":{"start":{"line":19,"column":42},"end":{"line":19,"column":54}},"4":{"start":{"line":20,"column":30},"end":{"line":20,"column":42}},"5":{"start":{"line":21,"column":26},"end":{"line":21,"column":35}},"6":{"start":{"line":22,"column":20},"end":{"line":29,"column":3}},"7":{"start":{"line":23,"column":4},"end":{"line":28,"column":5}},"8":{"start":{"line":24,"column":23},"end":{"line":24,"column":65}},"9":{"start":{"line":25,"column":6},"end":{"line":25,"column":22}},"10":{"start":{"line":27,"column":6},"end":{"line":27,"column":25}},"11":{"start":{"line":31,"column":2},"end":{"line":33,"column":20}},"12":{"start":{"line":32,"column":4},"end":{"line":32,"column":33}},"13":{"start":{"line":32,"column":21},"end":{"line":32,"column":33}},"14":{"start":{"line":35,"column":23},"end":{"line":44,"column":3}},"15":{"start":{"line":36,"column":4},"end":{"line":43,"column":5}},"16":{"start":{"line":37,"column":23},"end":{"line":39,"column":8}},"17":{"start":{"line":40,"column":6},"end":{"line":40,"column":18}},"18":{"start":{"line":42,"column":6},"end":{"line":42,"column":25}},"19":{"start":{"line":45,"column":2},"end":{"line":116,"column":4}},"20":{"start":{"line":54,"column":12},"end":{"line":111,"column":14}},"21":{"start":{"line":73,"column":47},"end":{"line":73,"column":73}},"22":{"start":{"line":77,"column":28},"end":{"line":79,"column":37}},"23":{"start":{"line":92,"column":20},"end":{"line":107,"column":26}}},"fnMap":{"0":{"name":"(anonymous_0)","decl":{"start":{"line":11,"column":20},"end":{"line":11,"column":21}},"loc":{"start":{"line":11,"column":26},"end":{"line":117,"column":1}},"line":11},"1":{"name":"(anonymous_1)","decl":{"start":{"line":22,"column":20},"end":{"line":22,"column":21}},"loc":{"start":{"line":22,"column":32},"end":{"line":29,"column":3}},"line":22},"2":{"name":"(anonymous_2)","decl":{"start":{"line":31,"column":12},"end":{"line":31,"column":13}},"loc":{"start":{"line":31,"column":18},"end":{"line":33,"column":3}},"line":31},"3":{"name":"(anonymous_3)","decl":{"start":{"line":35,"column":23},"end":{"line":35,"column":24}},"loc":{"start":{"line":35,"column":49},"end":{"line":44,"column":3}},"line":35},"4":{"name":"(anonymous_4)","decl":{"start":{"line":53,"column":23},"end":{"line":53,"column":24}},"loc":{"start":{"line":53,"column":33},"end":{"line":112,"column":11}},"line":53},"5":{"name":"(anonymous_5)","decl":{"start":{"line":73,"column":36},"end":{"line":73,"column":37}},"loc":{"start":{"line":73,"column":47},"end":{"line":73,"column":73}},"line":73},"6":{"name":"(anonymous_6)","decl":{"start":{"line":76,"column":38},"end":{"line":76,"column":39}},"loc":{"start":{"line":77,"column":28},"end":{"line":79,"column":37}},"line":77},"7":{"name":"(anonymous_7)","decl":{"start":{"line":91,"column":36},"end":{"line":91,"column":37}},"loc":{"start":{"line":92,"column":20},"end":{"line":107,"column":26}},"line":92}},"branchMap":{"0":{"loc":{"start":{"line":32,"column":4},"end":{"line":32,"column":33}},"type":"if","locations":[{"start":{"line":32,"column":4},"end":{"line":32,"column":33}},{"start":{},"end":{}}],"line":32},"1":{"loc":{"start":{"line":85,"column":27},"end":{"line":85,"column":68}},"type":"cond-expr","locations":[{"start":{"line":85,"column":48},"end":{"line":85,"column":57}},{"start":{"line":85,"column":60},"end":{"line":85,"column":68}}],"line":85}},"s":{"0":0,"1":0,"2":0,"3":0,"4":0,"5":0,"6":0,"7":0,"8":0,"9":0,"10":0,"11":0,"12":0,"13":0,"14":0,"15":0,"16":0,"17":0,"18":0,"19":0,"20":0,"21":0,"22":0,"23":0},"f":{"0":0,"1":0,"2":0,"3":0,"4":0,"5":0,"6":0,"7":0},"b":{"0":[0,0],"1":[0,0]}}
,"/Users/pughal/myRoot/myNUSJourney/CS4218/cs4218-2510-ecom-project-team012/client/src/pages/admin/CreateCategory.js": {"path":"/Users/pughal/myRoot/myNUSJourney/CS4218/cs4218-2510-ecom-project-team012/client/src/pages/admin/CreateCategory.js","statementMap":{"0":{"start":{"line":9,"column":23},"end":{"line":144,"column":1}},"1":{"start":{"line":11,"column":43},"end":{"line":11,"column":56}},"2":{"start":{"line":12,"column":26},"end":{"line":12,"column":38}},"3":{"start":{"line":13,"column":32},"end":{"line":13,"column":47}},"4":{"start":{"line":14,"column":34},"end":{"line":14,"column":48}},"5":{"start":{"line":15,"column":40},"end":{"line":15,"column":52}},"6":{"start":{"line":17,"column":23},"end":{"line":33,"column":3}},"7":{"start":{"line":18,"column":4},"end":{"line":18,"column":23}},"8":{"start":{"line":19,"column":4},"end":{"line":32,"column":5}},"9":{"start":{"line":20,"column":23},"end":{"line":22,"column":8}},"10":{"start":{"line":23,"column":6},"end":{"line":28,"column":7}},"11":{"start":{"line":24,"column":8},"end":{"line":24,"column":44}},"12":{"start":{"line":25,"column":8},"end":{"line":25,"column":27}},"13":{"start":{"line":27,"column":8},"end":{"line":27,"column":34}},"14":{"start":{"line":30,"column":6},"end":{"line":30,"column":25}},"15":{"start":{"line":31,"column":6},"end":{"line":31,"column":56}},"16":{"start":{"line":36,"column":23},"end":{"line":56,"column":3}},"17":{"start":{"line":37,"column":4},"end":{"line":37,"column":23}},"18":{"start":{"line":38,"column":4},"end":{"line":55,"column":5}},"19":{"start":{"line":39,"column":23},"end":{"line":42,"column":7}},"20":{"start":{"line":43,"column":6},"end":{"line":51,"column":7}},"21":{"start":{"line":44,"column":8},"end":{"line":44,"column":51}},"22":{"start":{"line":45,"column":8},"end":{"line":45,"column":26}},"23":{"start":{"line":46,"column":8},"end":{"line":46,"column":27}},"24":{"start":{"line":47,"column":8},"end":{"line":47,"column":26}},"25":{"start":{"line":48,"column":8},"end":{"line":48,"column":27}},"26":{"start":{"line":50,"column":8},"end":{"line":50,"column":34}},"27":{"start":{"line":53,"column":6},"end":{"line":53,"column":25}},"28":{"start":{"line":54,"column":6},"end":{"line":54,"column":63}},"29":{"start":{"line":58,"column":23},"end":{"line":74,"column":3}},"30":{"start":{"line":59,"column":4},"end":{"line":73,"column":5}},"31":{"start":{"line":60,"column":23},"end":{"line":62,"column":7}},"32":{"start":{"line":63,"column":6},"end":{"line":69,"column":7}},"33":{"start":{"line":64,"column":8},"end":{"line":64,"column":45}},"34":{"start":{"line":66,"column":8},"end":{"line":66,"column":27}},"35":{"start":{"line":68,"column":8},"end":{"line":68,"column":34}},"36":{"start":{"line":71,"column":6},"end":{"line":71,"column":25}},"37":{"start":{"line":72,"column":6},"end":{"line":72,"column":63}},"38":{"start":{"line":75,"column":2},"end":{"line":143,"column":4}},"39":{"start":{"line":101,"column":22},"end":{"line":123,"column":27}},"40":{"start":{"line":107,"column":30},"end":{"line":107,"column":47}},"41":{"start":{"line":108,"column":30},"end":{"line":108,"column":53}},"42":{"start":{"line":109,"column":30},"end":{"line":109,"column":45}},"43":{"start":{"line":117,"column":30},"end":{"line":117,"column":50}},"44":{"start":{"line":129,"column":30},"end":{"line":129,"column":47}}},"fnMap":{"0":{"name":"(anonymous_0)","decl":{"start":{"line":9,"column":23},"end":{"line":9,"column":24}},"loc":{"start":{"line":9,"column":29},"end":{"line":144,"column":1}},"line":9},"1":{"name":"(anonymous_1)","decl":{"start":{"line":17,"column":23},"end":{"line":17,"column":24}},"loc":{"start":{"line":17,"column":36},"end":{"line":33,"column":3}},"line":17},"2":{"name":"(anonymous_2)","decl":{"start":{"line":36,"column":23},"end":{"line":36,"column":24}},"loc":{"start":{"line":36,"column":36},"end":{"line":56,"column":3}},"line":36},"3":{"name":"(anonymous_3)","decl":{"start":{"line":58,"column":23},"end":{"line":58,"column":24}},"loc":{"start":{"line":58,"column":38},"end":{"line":74,"column":3}},"line":58},"4":{"name":"(anonymous_4)","decl":{"start":{"line":100,"column":35},"end":{"line":100,"column":36}},"loc":{"start":{"line":101,"column":22},"end":{"line":123,"column":27}},"line":101},"5":{"name":"(anonymous_5)","decl":{"start":{"line":106,"column":37},"end":{"line":106,"column":38}},"loc":{"start":{"line":106,"column":43},"end":{"line":110,"column":29}},"line":106},"6":{"name":"(anonymous_6)","decl":{"start":{"line":116,"column":37},"end":{"line":116,"column":38}},"loc":{"start":{"line":116,"column":43},"end":{"line":118,"column":29}},"line":116},"7":{"name":"(anonymous_7)","decl":{"start":{"line":129,"column":24},"end":{"line":129,"column":25}},"loc":{"start":{"line":129,"column":30},"end":{"line":129,"column":47}},"line":129}},"branchMap":{"0":{"loc":{"start":{"line":23,"column":6},"end":{"line":28,"column":7}},"type":"if","locations":[{"start":{"line":23,"column":6},"end":{"line":28,"column":7}},{"start":{"line":26,"column":13},"end":{"line":28,"column":7}}],"line":23},"1":{"loc":{"start":{"line":43,"column":6},"end":{"line":51,"column":7}},"type":"if","locations":[{"start":{"line":43,"column":6},"end":{"line":51,"column":7}},{"start":{"line":49,"column":13},"end":{"line":51,"column":7}}],"line":43},"2":{"loc":{"start":{"line":63,"column":6},"end":{"line":69,"column":7}},"type":"if","locations":[{"start":{"line":63,"column":6},"end":{"line":69,"column":7}},{"start":{"line":67,"column":13},"end":{"line":69,"column":7}}],"line":63}},"s":{"0":1,"1":43,"2":43,"3":43,"4":43,"5":43,"6":43,"7":3,"8":3,"9":3,"10":2,"11":1,"12":1,"13":1,"14":1,"15":1,"16":43,"17":3,"18":3,"19":3,"20":2,"21":1,"22":1,"23":1,"24":1,"25":1,"26":1,"27":1,"28":1,"29":43,"30":3,"31":3,"32":2,"33":1,"34":1,"35":1,"36":1,"37":1,"38":43,"39":22,"40":5,"41":5,"42":5,"43":3,"44":4},"f":{"0":43,"1":3,"2":3,"3":3,"4":22,"5":5,"6":3,"7":4},"b":{"0":[1,1],"1":[1,1],"2":[1,1]},"_coverageSchema":"1a1c01bbd47fc00a2c39e90264f33305004495a9","hash":"5f7e5dedd0dd590baf00ba6d797b8a77b06e44bd"}
,"/Users/pughal/myRoot/myNUSJourney/CS4218/cs4218-2510-ecom-project-team012/client/src/pages/admin/CreateProduct.js": {"path":"/Users/pughal/myRoot/myNUSJourney/CS4218/cs4218-2510-ecom-project-team012/client/src/pages/admin/CreateProduct.js","statementMap":{"0":{"start":{"line":9,"column":19},"end":{"line":9,"column":25}},"1":{"start":{"line":11,"column":22},"end":{"line":166,"column":1}},"2":{"start":{"line":12,"column":19},"end":{"line":12,"column":32}},"3":{"start":{"line":14,"column":23},"end":{"line":14,"column":36}},"4":{"start":{"line":15,"column":26},"end":{"line":15,"column":38}},"5":{"start":{"line":16,"column":40},"end":{"line":16,"column":52}},"6":{"start":{"line":17,"column":28},"end":{"line":17,"column":40}},"7":{"start":{"line":18,"column":34},"end":{"line":18,"column":46}},"8":{"start":{"line":19,"column":34},"end":{"line":19,"column":46}},"9":{"start":{"line":20,"column":34},"end":{"line":20,"column":46}},"10":{"start":{"line":21,"column":28},"end":{"line":21,"column":40}},"11":{"start":{"line":24,"column":23},"end":{"line":49,"column":3}},"12":{"start":{"line":25,"column":4},"end":{"line":25,"column":23}},"13":{"start":{"line":26,"column":4},"end":{"line":48,"column":5}},"14":{"start":{"line":27,"column":26},"end":{"line":27,"column":40}},"15":{"start":{"line":28,"column":6},"end":{"line":28,"column":39}},"16":{"start":{"line":29,"column":6},"end":{"line":29,"column":53}},"17":{"start":{"line":30,"column":6},"end":{"line":30,"column":41}},"18":{"start":{"line":31,"column":6},"end":{"line":31,"column":47}},"19":{"start":{"line":32,"column":6},"end":{"line":32,"column":41}},"20":{"start":{"line":33,"column":6},"end":{"line":33,"column":47}},"21":{"start":{"line":34,"column":6},"end":{"line":34,"column":47}},"22":{"start":{"line":35,"column":23},"end":{"line":38,"column":7}},"23":{"start":{"line":39,"column":6},"end":{"line":44,"column":7}},"24":{"start":{"line":40,"column":8},"end":{"line":40,"column":35}},"25":{"start":{"line":42,"column":8},"end":{"line":42,"column":54}},"26":{"start":{"line":43,"column":8},"end":{"line":43,"column":46}},"27":{"start":{"line":46,"column":6},"end":{"line":46,"column":25}},"28":{"start":{"line":47,"column":6},"end":{"line":47,"column":64}},"29":{"start":{"line":51,"column":2},"end":{"line":165,"column":4}},"30":{"start":{"line":69,"column":18},"end":{"line":69,"column":37}},"31":{"start":{"line":73,"column":18},"end":{"line":75,"column":27}},"32":{"start":{"line":85,"column":37},"end":{"line":85,"column":64}},"33":{"start":{"line":108,"column":35},"end":{"line":108,"column":58}},"34":{"start":{"line":117,"column":35},"end":{"line":117,"column":65}},"35":{"start":{"line":127,"column":35},"end":{"line":127,"column":59}},"36":{"start":{"line":136,"column":35},"end":{"line":136,"column":62}},"37":{"start":{"line":148,"column":20},"end":{"line":148,"column":39}}},"fnMap":{"0":{"name":"(anonymous_0)","decl":{"start":{"line":11,"column":22},"end":{"line":11,"column":23}},"loc":{"start":{"line":11,"column":28},"end":{"line":166,"column":1}},"line":11},"1":{"name":"(anonymous_1)","decl":{"start":{"line":24,"column":23},"end":{"line":24,"column":24}},"loc":{"start":{"line":24,"column":36},"end":{"line":49,"column":3}},"line":24},"2":{"name":"(anonymous
[...]
,"/Users/pughal/myRoot/myNUSJourney/CS4218/cs4218-2510-ecom-project-team012/client/src/pages/admin/UpdateProduct.js": {"path":"/Users/pughal/myRoot/myNUSJourney/CS4218/cs4218-2510-ecom-project-team012/client/src/pages/admin/UpdateProduct.js","statementMap":{"0":{"start":{"line":9,"column":19},"end":{"line":9,"column":25}},"1":{"start":{"line":11,"column":22},"end":{"line":228,"column":1}},"2":{"start":{"line":12,"column":19},"end":{"line":12,"column":32}},"3":{"start":{"line":13,"column":17},"end":{"line":13,"column":28}},"4":{"start":{"line":15,"column":23},"end":{"line":15,"column":36}},"5":{"start":{"line":16,"column":26},"end":{"line":16,"column":38}},"6":{"start":{"line":17,"column":40},"end":{"line":17,"column":52}},"7":{"start":{"line":18,"column":28},"end":{"line":18,"column":40}},"8":{"start":{"line":19,"column":34},"end":{"line":19,"column":46}},"9":{"start":{"line":20,"column":34},"end":{"line":20,"column":46}},"10":{"start":{"line":21,"column":34},"end":{"line":21,"column":46}},"11":{"start":{"line":22,"column":28},"end":{"line":22,"column":40}},"12":{"start":{"line":23,"column":22},"end":{"line":23,"column":34}},"13":{"start":{"line":26,"column":27},"end":{"line":43,"column":3}},"14":{"start":{"line":27,"column":4},"end":{"line":42,"column":5}},"15":{"start":{"line":28,"column":23},"end":{"line":30,"column":7}},"16":{"start":{"line":31,"column":6},"end":{"line":31,"column":33}},"17":{"start":{"line":32,"column":6},"end":{"line":32,"column":30}},"18":{"start":{"line":33,"column":6},"end":{"line":33,"column":47}},"19":{"start":{"line":34,"column":6},"end":{"line":34,"column":35}},"20":{"start":{"line":35,"column":6},"end":{"line":35,"column":35}},"21":{"start":{"line":36,"column":6},"end":{"line":36,"column":41}},"22":{"start":{"line":37,"column":6},"end":{"line":37,"column":41}},"23":{"start":{"line":38,"column":6},"end":{"line":38,"column":45}},"24":{"start":{"line":40,"column":6},"end":{"line":40,"column":25}},"25":{"start":{"line":41,"column":6},"end":{"line":41,"column":61}},"26":{"start":{"line":44,"column":2},"end":{"line":47,"column":9}},"27":{"start":{"line":45,"column":4},"end":{"line":45,"column":23}},"28":{"start":{"line":50,"column":23},"end":{"line":75,"column":3}},"29":{"start":{"line":51,"column":4},"end":{"line":51,"column":23}},"30":{"start":{"line":52,"column":4},"end":{"line":74,"column":5}},"31":{"start":{"line":53,"column":26},"end":{"line":53,"column":40}},"32":{"start":{"line":54,"column":6},"end":{"line":54,"column":39}},"33":{"start":{"line":55,"column":6},"end":{"line":55,"column":53}},"34":{"start":{"line":56,"column":6},"end":{"line":56,"column":41}},"35":{"start":{"line":57,"column":6},"end":{"line":57,"column":47}},"36":{"start":{"line":58,"column":6},"end":{"line":58,"column":50}},"37":{"start":{"line":59,"column":6},"end":{"line":59,"column":47}},"38":{"start":{"line":60,"column":6},"end":{"line":60,"column":47}},"39":{"start":{"line":61,"column":23},"end":{"line":64,"column":7}},"40":{"start":{"line":65,"column":6},"end":{"line":70,"column":7}},"41":{"start":{"line":66,"column":8},"end":{"line":66,"column":35}},"42":{"start":{"line":68,"column":8},"end":{"line":68,"column":54}},"43":{"start":{"line":69,"column":8},"end":{"line":69,"column":46}},"44":{"start":{"line":72,"column":6},"end":{"line":72,"column":25}},"45":{"start":{"line":73,"column":6},"end":{"line":73,"column":62}},"46":{"start":{"line":78,"column":23},"end":{"line":97,"column":3}},"47":{"start":{"line":79,"column":4},"end":{"line":96,"column":5}},"48":{"start":{"line":80,"column":19},"end":{"line":80,"column":77}},"49":{"start":{"line":81,"column":6},"end":{"line":81,"column":26}},"50":{"start":{"line":81,"column":19},"end":{"line":81,"column":26}},"51":{"start":{"line":82,"column":23},"end":{"line":84,"column":7}},"52":{"start":{"line":86,"column":6},"end":{"line":91,"column":7}},"53":{"start":{"line":87,"column":8},"end":{"line":87,"column":54}},"54":{"start":{"line":88,"column":8},"end":{"line":88,"column":46}},"55":{"start":{"line":90,"column":8},"end":{"line":90,"column":34}},"56":{"start":{"line":94,"column":6},"end":{"line":94,"column":25}},"57":{"start":{"line":95,"column":6},"end":{"line":95,"column":64}},"58":{"start":{"line":98,"column":2},"end":{"line":227,"column":4}},"59":{"start":{"line":115,"column":18},"end":{"line":115,"column":37}},"60":{"start":{"line":120,"column":18},"end":{"line":122,"column":27}},"61":{"start":{"line":133,"column":37},"end":{"line":133,"column":64}},"62":{"start":{"line":165,"column":35},"end":{"line":165,"column":58}},"63":{"start":{"line":174,"column":35},"end":{"line":174,"column":65}},"64":{"start":{"line":184,"column":35},"end":{"line":184,"column":59}},"65":{"start":{"line":193,"column":35},"end":{"line":193,"column":62}},"66":{"start":{"line":204,"column":20},"end":{"line":204,"column":39}}},"fnMap":{"0":{"name":"(anonymous_0)","decl":{"start":{"line":11,"column":22},"end":{"line":11,"column":23}},"loc":{"start":{"line":11,"column":28},"end":{"line":228,"column":1}},"line":11},"1":{"name":"(anonymous_1)","decl":{"start":{"line":26,"column":27},"end":{"line":26,"column":28}},"loc":{"start":{"line":26,"column":39},"end":{"line":43,"column":3}},"line":26},"2":{"name":"(anonymous_2)","decl":{"start":{"line":44,"column":12},"end":{"line":44,"column":13}},"loc":{"start":{"line":44,"column":18},"end":{"line":47,"column":3}},"line":44},"3":{"name":"(anonymous_3)","decl":{"start":{"line":50,"column":23},"end":{"line":50,"column":24}},"loc":{"start":{"line":50,"column":36},"end":{"line":75,"column":3}},"line":50},"4":{"name":"(anonymous_4)","decl":{"start":{"line":78,"column":23},"end":{"line":78,"column":24}},"loc":{"start":{"line":78,"column":35},"end":{"line":97,"column":3}},"line":78},"5":{"name":"(anonymous_5)","decl":{"start":{"line":114,"column":26},"end":{"line":114,"column":27}},"loc":{"start":{"line":114,"column":37},"end":{"line":116,"column":17}},"line":114},"6":{"name":"(anonymous_6)","decl":{"start":{"line":119,"column":33},"end":{"line":119,"column":34}},"loc":{"start":{"line":120,"column":18},"end":{"line":122,"column":27}},"line":120},"7":{"name":"(anonymous_7)","decl":{"start":{"line":133,"column":30},"end":{"line":133,"column":31}},"loc":{"start":{"line":133,"column":37},"end":{"line":133,"column":64}},"line":133},"8":{"name":"(anonymous_8)","decl":{"start":{"line":165,"column":28},"end":{"line":165,"column":29}},"loc":{"start":{"line":165,"column":35},"end":{"line":165,"column":58}},"line":165},"9":{"name":"(anonymous_9)","decl":{"start":{"line":174,"column":28},"end":{"line":174,"column":29}},"loc":{"start":{"line":174,"column":35},"end":{"line":174,"column":65}},"line":174},"10":{"name":"(anonymous_10)","decl":{"start":{"line":184,"column":28},"end":{"line":184,"column":29}},"loc":{"start":{"line":184,"column":35},"end":{"line":184,"column":59}},"line":184},"11":{"name":"(anonymous_11)","decl":{"start":{"line":193,"column":28},"end":{"line":193,"column":29}},"loc":{"start":{"line":193,"column":35},"end":{"line":193,"column":62}},"line":193},"12":{"name":"(anonymous_12)","decl":{"start":{"line":203,"column":28},"end":{"line":203,"column":29}},"loc":{"start":{"line":203,"column":39},"end":{"line":205,"column":19}},"line":203}},"branchMap":{"0":{"loc":{"start":{"line":58,"column":6},"end":{"line":58,"column":49}},"type":"binary-expr","locations":[{"start":{"line":58,"column":6},"end":{"line":58,"column":11}},{"start":{"line":58,"column":15},"end":{"line":58,"column":49}}],"line":58},"1":{"loc":{"start":{"line":65,"column":6},"end":{"line":70,"column":7}},"type":"if","locations":[{"start":{"line":65,"column":6},"end":{"line":70,"column":7}},{"start":{"line":67,"column":13},"end":{"line":70,"column":7}}],"line":65},"2":{"loc":{"start":{"line":81,"column":6},"end":{"line":81,"column":26}},"type":"if","locations":[{"start":{"line":81,"column":6},"end":{"line":81,"column":26}},{"start":{},"end":{}}],"line":81},"3":{"loc":{"start":{"line":86,"column":6},"end":{"line":91,"column":7}},"type":"if","locations":[{"start":{"line":86,"column":6},"end":{"line":91,"column":7}},{"start":{"line":89,"column":13},"end":{"line":91,"column":7}}],"line":86},"4":{"loc":{"start":{"line":127,"column":19},"end":{"line":127,"column":54}},"type":"cond-expr","locations":[{"start":{"line":127,"column":27},"end":{"line":127,"column":37}},{"start":{"line":127,"column":40},"end":{"line":127,"column":54}}],"line":127},"5":{"loc":{"start":{"line":139,"column":17},"end":{"line":157,"column":17}},"type":"cond-expr","locations":[{"start":{"line":140,"column":18},"end":{"line":147,"column":24}},{"start":{"line":149,"column":18},"end":{"line":156,"column":24}}],"line":139},"6":{"loc":{"start":{"line":206,"column":25},"end":{"line":206,"column":48}},"type":"cond-expr","locations":[{"start":{"line":206,"column":36},"end":{"line":206,"column":41}},{"start":{"line":206,"column":44},"end":{"line":206,"column":48}}],"line":206}},"s":{"0":1,"1":1,"2":50,"3":50,"4":50,"5":50,"6":50,"7":50,"8":50,"9":50,"10":50,"11":50,"12":50,"13":50,"14":12,"15":12,"16":11,"17":11,"18":11,"19":11,"20":11,"21":11,"22":11,"23":11,"24":1,"25":1,"26":50,"27":12,"28":50,"29":3,"30":3,"31":3,"32":3,"33":3,"34":3,"35":3,"36":3,"37":3,"38":3,"39":3,"40":2,"41":1,"42":1,"43":1,"44":1,"45":1,"46":50,"47":4,"48":4,"49":4,"50":1,"51":3,"52":2,"53":1,"54":1,"55":1,"56":1,"57":1,"58":50,"59":4,"60":66,"61":4,"62":4,"63":4,"64":4,"65":4,"66":4},"f":{"0":50,"1":12,"2":12,"3":3,"4":4,"5":4,"6":66,"7":4,"8":4,"9":4,"10":4,"11":4,"12":4},"b":{"0":[3,3],"1":[1,1],"2":[1,3],"3":[1,1],"4":[12,38],"5":[12,38],"6":[33,17]},"_coverageSchema":"1a1c01bbd47fc00a2c39e90264f33305004495a9","hash":"1b16117b3b6f6eee02f05a194b6ad62665cbddda"}
,"/Users/pughal/myRoot/myNUSJourney/CS4218/cs4218-2510-ecom-project-team012/client/src/pages/admin/Users.js": {"path":"/Users/pughal/myRoot/myNUSJourney/CS4218/cs4218-2510-ecom-project-team012/client/src/pages/admin/Users.js","statementMap":{"0":{"start":{"line":5,"column":14},"end":{"line":20,"column":1}},"1":{"start":{"line":6,"column":2},"end":{"line":19,"column":4}}},"fnMap":{"0":{"name":"(anonymous_0)","decl":{"start":{"line":5,"column":14},"end":{"line":5,"column":15}},"loc":{"start":{"line":5,"column":20},"end":{"line":20,"column":1}},"line":5}},"branchMap":{},"s":{"0":0,"1":0},"f":{"0":0},"b":{}}
,"/Users/pughal/myRoot/myNUSJourney/CS4218/cs4218-2510-ecom-project-team012/client/src/pages/user/Dashboard.js": {"path":"/Users/pughal/myRoot/myNUSJourney/CS4218/cs4218-2510-ecom-project-team012/client/src/pages/user/Dashboard.js","statementMap":{"0":{"start":{"line":5,"column":18},"end":{"line":25,"column":1}},"1":{"start":{"line":6,"column":17},"end":{"line":6,"column":26}},"2":{"start":{"line":7,"column":2},"end":{"line":24,"column":4}}},"fnMap":{"0":{"name":"(anonymous_0)","decl":{"start":{"line":5,"column":18},"end":{"line":5,"column":19}},"loc":{"start":{"line":5,"column":24},"end":{"line":25,"column":1}},"line":5}},"branchMap":{},"s":{"0":1,"1":2,"2":2},"f":{"0":2},"b":{},"_coverageSchema":"1a1c01bbd47fc00a2c39e90264f33305004495a9","hash":"ec5c28977137c80475d3768194d088c447a2a96e"}
,"/Users/pughal/myRoot/myNUSJourney/CS4218/cs4218-2510-ecom-project-team012/client/src/pages/user/Orders.js": {"path":"/Users/pughal/myRoot/myNUSJourney/CS4218/cs4218-2510-ecom-project-team012/client/src/pages/user/Orders.js","statementMap":{"0":{"start":{"line":8,"column":15},"end":{"line":85,"column":1}},"1":{"start":{"line":9,"column":30},"end":{"line":9,"column":42}},"2":{"start":{"line":10,"column":26},"end":{"line":10,"column":35}},"3":{"start":{"line":11,"column":20},"end":{"line":18,"column":3}},"4":{"start":{"line":12,"column":4},"end":{"line":17,"column":5}},"5":{"start":{"line":13,"column":23},"end":{"line":13,"column":61}},"6":{"start":{"line":14,"column":6},"end":{"line":14,"column":22}},"7":{"start":{"line":16,"column":6},"end":{"line":16,"column":25}},"8":{"start":{"line":20,"column":2},"end":{"line":22,"column":20}},"9":{"start":{"line":21,"column":4},"end":{"line":21,"column":33}},"10":{"start":{"line":21,"column":21},"end":{"line":21,"column":33}},"11":{"start":{"line":23,"column":2},"end":{"line":84,"column":4}},"12":{"start":{"line":33,"column":14},"end":{"line":78,"column":16}},"13":{"start":{"line":59,"column":22},"end":{"line":74,"column":28}}},"fnMap":{"0":{"name":"(anonymous_0)","decl":{"start":{"line":8,"column":15},"end":{"line":8,"column":16}},"loc":{"start":{"line":8,"column":21},"end":{"line":85,"column":1}},"line":8},"1":{"name":"(anonymous_1)","decl":{"start":{"line":11,"column":20},"end":{"line":11,"column":21}},"loc":{"start":{"line":11,"column":32},"end":{"line":18,"column":3}},"line":11},"2":{"name":"(anonymous_2)","decl":{"start":{"line":20,"column":12},"end":{"line":20,"column":13}},"loc":{"start":{"line":20,"column":18},"end":{"line":22,"column":3}},"line":20},"3":{"name":"(anonymous_3)","decl":{"start":{"line":32,"column":25},"end":{"line":32,"column":26}},"loc":{"start":{"line":32,"column":35},"end":{"line":79,"column":13}},"line":32},"4":{"name":"(anonymous_4)","decl":{"start":{"line":58,"column":38},"end":{"line":58,"column":39}},"loc":{"start":{"line":59,"column":22},"end":{"line":74,"column":28}},"line":59}},"branchMap":{"0":{"loc":{"start":{"line":21,"column":4},"end":{"line":21,"column":33}},"type":"if","locations":[{"start":{"line":21,"column":4},"end":{"line":21,"column":33}},{"start":{},"end":{}}],"line":21},"1":{"loc":{"start":{"line":52,"column":29},"end":{"line":52,"column":70}},"type":"cond-expr","locations":[{"start":{"line":52,"column":50},"end":{"line":52,"column":59}},{"start":{"line":52,"column":62},"end":{"line":52,"column":70}}],"line":52}},"s":{"0":0,"1":0,"2":0,"3":0,"4":0,"5":0,"6":0,"7":0,"8":0,"9":0,"10":0,"11":0,"12":0,"13":0},"f":{"0":0,"1":0,"2":0,"3":0,"4":0},"b":{"0":[0,0],"1":[0,0]}}
,"/Users/pughal/myRoot/myNUSJourney/CS4218/cs4218-2510-ecom-project-team012/client/src/pages/user/Profile.js": {"path":"/Users/pughal/myRoot/myNUSJourney/CS4218/cs4218-2510-ecom-project-team012/client/src/pages/user/Profile.js","statementMap":{"0":{"start":{"line":7,"column":16},"end":{"line":128,"column":1}},"1":{"start":{"line":9,"column":26},"end":{"line":9,"column":35}},"2":{"start":{"line":11,"column":26},"end":{"line":11,"column":38}},"3":{"start":{"line":12,"column":28},"end":{"line":12,"column":40}},"4":{"start":{"line":13,"column":34},"end":{"line":13,"column":46}},"5":{"start":{"line":14,"column":28},"end":{"line":14,"column":40}},"6":{"start":{"line":15,"column":32},"end":{"line":15,"column":44}},"7":{"start":{"line":18,"column":2},"end":{"line":24,"column":19}},"8":{"start":{"line":19,"column":44},"end":{"line":19,"column":54}},"9":{"start":{"line":20,"column":4},"end":{"line":20,"column":18}},"10":{"start":{"line":21,"column":4},"end":{"line":21,"column":20}},"11":{"start":{"line":22,"column":4},"end":{"line":22,"column":20}},"12":{"start":{"line":23,"column":4},"end":{"line":23,"column":24}},"13":{"start":{"line":27,"column":23},"end":{"line":51,"column":3}},"14":{"start":{"line":28,"column":4},"end":{"line":28,"column":23}},"15":{"start":{"line":29,"column":4},"end":{"line":50,"column":5}},"16":{"start":{"line":30,"column":23},"end":{"line":36,"column":8}},"17":{"start":{"line":37,"column":6},"end":{"line":46,"column":7}},"18":{"start":{"line":38,"column":8},"end":{"line":38,"column":33}},"19":{"start":{"line":40,"column":8},"end":{"line":40,"column":54}},"20":{"start":{"line":41,"column":17},"end":{"line":41,"column":45}},"21":{"start":{"line":42,"column":8},"end":{"line":42,"column":28}},"22":{"start":{"line":43,"column":8},"end":{"line":43,"column":35}},"23":{"start":{"line":44,"column":8},"end":{"line":44,"column":57}},"24":{"start":{"line":45,"column":8},"end":{"line":45,"column":54}},"25":{"start":{"line":48,"column":6},"end":{"line":48,"column":25}},"26":{"start":{"line":49,"column":6},"end":{"line":49,"column":42}},"27":{"start":{"line":53,"column":2},"end":{"line":127,"column":4}},"28":{"start":{"line":68,"column":37},"end":{"line":68,"column":60}},"29":{"start":{"line":79,"column":37},"end":{"line":79,"column":61}},"30":{"start":{"line":91,"column":37},"end":{"line":91,"column":64}},"31":{"start":{"line":101,"column":37},"end":{"line":101,"column":61}},"32":{"start":{"line":111,"column":37},"end":{"line":111,"column":63}}},"fnMap":{"0":{"name":"(anonymous_0)","decl":{"start":{"line":7,"column":16},"end":{"line":7,"column":17}},"loc":{"start":{"line":7,"column":22},"end":{"line":128,"column":1}},"line":7},"1":{"name":"(anonymous_1)","decl":{"start":{"line":18,"column":12},"end":{"line":18,"column":13}},"loc":{"start":{"line":18,"column":18},"end":{"line":24,"column":3}},"line":18},"2":{"name":"(anonymous_2)","decl":{"start":{"line":27,"column":23},"end":{"line":27,"column":24}},"loc":{"start":{"line":27,"column":36},"end":{"line":51,"column":3}},"line":27},"3":{"name":"(anonymous_3)","decl":{"start":{"line":68,"column":30},"end":{"line":68,"column":31}},"loc":{"start":{"line":68,"column":37},"end":{"line":68,"column":60}},"line":68},"4":{"name":"(anonymous_4)","decl":{"start":{"line":79,"column":30},"end":{"line":79,"column":31}},"loc":{"start":{"line":79,"column":37},"end":{"line":79,"column":61}},"line":79},"5":{"name":"(anonymous_5)","decl":{"start":{"line":91,"column":30},"end":{"line":91,"column":31}},"loc":{"start":{"line":91,"column":37},"end":{"line":91,"column":64}},"line":91},"6":{"name":"(anonymous_6)","decl":{"start":{"line":101,"column":30},"end":{"line":101,"column":31}},"loc":{"start":{"line":101,"column":37},"end":{"line":101,"column":61}},"line":101},"7":{"name":"(anonymous_7)","decl":{"start":{"line":111,"column":30},"end":{"line":111,"column":31}},"loc":{"start":{"line":111,"column":37},"end":{"line":111,"column":63}},"line":111}},"branchMap":{"0":{"loc":{"start":{"line":37,"column":6},"end":{"line":46,"column":7}},"type":"if","locations":[{"start":{"line":37,"column":6},"end":{"line":46,"column":7}},{"start":{"line":39,"column":13},"end":{"line":46,"column":7}}],"line":37}},"s":{"0":1,"1":16,"2":16,"3":16,"4":16,"5":16,"6":16,"7":16,"8":5,"9":5,"10":5,"11":5,"12":5,"13":16,"14":3,"15":3,"16":3,"17":2,"18":1,"19":1,"20":1,"21":1,"22":1,"23":1,"24":1,"25":1,"26":1,"27":16,"28":2,"29":1,"30":1,"31":1,"32":1},"f":{"0":16,"1":5,"2":3,"3":2,"4":1,"5":1,"6":1,"7":1},"b":{"0":[1,1]},"_coverageSchema":"1a1c01bbd47fc00a2c39e90264f33305004495a9","hash":"17cd68ce2702d0e015af14b292587b1640994bd5"}
}
