TN:
SF:client/src/components/AdminMenu.js
FN:3,(anonymous_0)
FNF:1
FNH:1
FNDA:2,(anonymous_0)
DA:3,1
DA:4,2
LF:2
LH:2
BRF:0
BRH:0
end_of_record
TN:
SF:client/src/components/Footer.js
FN:4,(anonymous_0)
FNF:1
FNH:1
FNDA:226,(anonymous_0)
DA:4,9
DA:5,226
LF:2
LH:2
BRF:0
BRH:0
end_of_record
TN:
SF:client/src/components/Header.js
FN:10,(anonymous_0)
FN:14,(anonymous_1)
FN:63,(anonymous_2)
FNF:3
FNH:1
FNDA:225,(anonymous_0)
FNDA:0,(anonymous_1)
FNDA:0,(anonymous_2)
DA:10,8
DA:11,225
DA:12,225
DA:13,225
DA:14,225
DA:15,0
DA:20,0
DA:21,0
DA:23,225
DA:64,0
LF:10
LH:6
BRDA:76,0,0,126
BRDA:76,0,1,99
BRDA:105,1,0,0
BRDA:105,1,1,99
BRF:4
BRH:3
end_of_record
TN:
SF:client/src/components/Layout.js
FN:8,(anonymous_0)
FNF:1
FNH:1
FNDA:225,(anonymous_0)
DA:8,8
DA:9,225
DA:28,8
LF:3
LH:3
BRF:0
BRH:0
end_of_record
TN:
SF:client/src/components/Prices.js
FNF:0
FNH:0
DA:1,0
LF:1
LH:0
BRF:0
BRH:0
end_of_record
TN:
SF:client/src/components/Spinner.js
FN:3,(anonymous_0)
FN:8,(anonymous_1)
FN:9,(anonymous_2)
FN:10,(anonymous_3)
FN:15,(anonymous_4)
FNF:5
FNH:0
FNDA:0,(anonymous_0)
FNDA:0,(anonymous_1)
FNDA:0,(anonymous_2)
FNDA:0,(anonymous_3)
FNDA:0,(anonymous_4)
DA:3,0
DA:4,0
DA:5,0
DA:6,0
DA:8,0
DA:9,0
DA:10,0
DA:12,0
DA:15,0
DA:17,0
LF:10
LH:0
BRDA:3,0,0,0
BRDA:12,1,0,0
BRDA:12,1,1,0
BRF:3
BRH:0
end_of_record
TN:
SF:client/src/components/UserMenu.js
FN:3,(anonymous_0)
FNF:1
FNH:1
FNDA:20,(anonymous_0)
DA:3,2
DA:4,20
LF:2
LH:2
BRF:0
BRH:0
end_of_record
TN:
SF:client/src/components/Form/CategoryForm.js
FN:3,(anonymous_0)
FN:13,(anonymous_1)
FNF:2
FNH:2
FNDA:4,(anonymous_0)
FNDA:1,(anonymous_1)
DA:3,1
DA:4,4
DA:13,1
LF:3
LH:3
BRF:0
BRH:0
end_of_record
TN:
SF:client/src/components/Form/SearchInput.js
FN:5,(anonymous_0)
FN:9,(anonymous_1)
FN:30,(anonymous_2)
FNF:3
FNH:3
FNDA:229,(anonymous_0)
FNDA:2,(anonymous_1)
FNDA:5,(anonymous_2)
DA:5,9
DA:6,229
DA:7,229
DA:9,229
DA:10,2
DA:11,2
DA:12,2
DA:15,1
DA:16,1
DA:18,1
DA:21,229
DA:30,5
LF:12
LH:12
BRF:0
BRH:0
end_of_record
TN:
SF:client/src/components/Routes/Private.js
FN:11,PrivateRoute
FN:15,(anonymous_1)
FN:16,(anonymous_2)
FN:25,(anonymous_3)
FNF:4
FNH:4
FNDA:7,PrivateRoute
FNDA:5,(anonymous_1)
FNDA:4,(anonymous_2)
FNDA:4,(anonymous_3)
DA:12,7
DA:13,7
DA:15,7
DA:16,5
DA:17,4
DA:18,3
DA:19,2
DA:21,1
DA:24,5
DA:25,4
DA:26,4
DA:28,1
DA:29,1
DA:33,7
LF:14
LH:14
BRDA:18,0,0,2
BRDA:18,0,1,1
BRDA:24,1,0,4
BRDA:24,1,1,1
BRDA:33,2,0,2
BRDA:33,2,1,5
BRF:6
BRH:6
end_of_record
TN:
SF:client/src/context/auth.js
FN:7,(anonymous_0)
FN:16,(anonymous_1)
FN:36,(anonymous_2)
FNF:3
FNH:3
FNDA:3,(anonymous_0)
FNDA:2,(anonymous_1)
FNDA:3,(anonymous_2)
DA:5,2
DA:7,2
DA:8,3
DA:14,3
DA:16,3
DA:17,2
DA:18,2
DA:19,1
DA:20,1
DA:28,3
DA:36,3
LF:11
LH:11
BRDA:18,0,0,1
BRDA:18,0,1,1
BRF:2
BRH:2
end_of_record
TN:
SF:client/src/context/cart.js
FN:5,(anonymous_0)
FN:8,(anonymous_1)
FN:21,(anonymous_2)
FNF:3
FNH:3
FNDA:5,(anonymous_0)
FNDA:3,(anonymous_1)
FNDA:5,(anonymous_2)
DA:4,2
DA:5,2
DA:6,5
DA:8,5
DA:9,3
DA:10,3
DA:13,5
DA:21,5
LF:8
LH:8
BRDA:10,0,0,1
BRDA:10,0,1,2
BRF:2
BRH:2
end_of_record
TN:
SF:client/src/context/search.js
FN:4,(anonymous_0)
FN:18,(anonymous_1)
FNF:2
FNH:1
FNDA:12,(anonymous_0)
FNDA:0,(anonymous_1)
DA:3,2
DA:4,2
DA:5,12
DA:10,12
DA:18,2
LF:5
LH:5
BRF:0
BRH:0
end_of_record
TN:
SF:client/src/pages/About.js
FN:4,(anonymous_0)
FNF:1
FNH:0
FNDA:0,(anonymous_0)
DA:4,0
DA:5,0
LF:2
LH:0
BRF:0
BRH:0
end_of_record
TN:
SF:client/src/pages/CartPage.js
FN:12,(anonymous_0)
FN:21,(anonymous_1)
FN:24,(anonymous_2)
FN:40,(anonymous_3)
FN:43,(anonymous_4)
FN:53,(anonymous_5)
FN:61,(anonymous_6)
FN:66,(anonymous_7)
FN:106,(anonymous_8)
FN:125,(anonymous_9)
FN:145,(anonymous_10)
FN:156,(anonymous_11)
FN:163,(anonymous_12)
FN:186,(anonymous_13)
FNF:14
FNH:14
FNDA:56,(anonymous_0)
FNDA:55,(anonymous_1)
FNDA:55,(anonymous_2)
FNDA:6,(anonymous_3)
FNDA:6,(anonymous_4)
FNDA:39,(anonymous_5)
FNDA:39,(anonymous_6)
FNDA:4,(anonymous_7)
FNDA:55,(anonymous_8)
FNDA:6,(anonymous_9)
FNDA:2,(anonymous_10)
FNDA:2,(anonymous_11)
FNDA:2,(anonymous_12)
FNDA:6,(anonymous_13)
DA:12,1
DA:13,56
DA:14,56
DA:15,56
DA:16,55
DA:17,55
DA:18,55
DA:21,55
DA:22,55
DA:23,55
DA:24,55
DA:25,55
DA:26,53
DA:28,2
DA:31,55
DA:36,1
DA:40,55
DA:41,6
DA:42,6
DA:43,6
DA:44,6
DA:45,6
DA:46,5
DA:48,1
DA:53,55
DA:54,39
DA:55,39
DA:56,31
DA:58,8
DA:61,55
DA:62,39
DA:66,55
DA:67,4
DA:68,4
DA:69,4
DA:70,2
DA:74,1
DA:75,1
DA:76,1
DA:77,1
DA:78,1
DA:80,2
DA:81,2
DA:84,55
DA:107,55
DA:125,6
DA:145,2
DA:156,2
DA:164,2
DA:186,6
LF:50
LH:50
BRDA:25,0,0,53
BRDA:25,0,1,2
BRDA:25,1,0,55
BRDA:25,1,1,53
BRDA:90,2,0,6
BRDA:90,2,1,49
BRDA:92,3,0,49
BRDA:92,3,1,49
BRDA:94,4,0,49
BRDA:94,4,1,6
BRDA:96,5,0,44
BRDA:96,5,1,5
BRDA:138,6,0,41
BRDA:138,6,1,14
BRDA:153,7,0,8
BRDA:153,7,1,6
BRDA:175,8,0,39
BRDA:175,8,1,16
BRDA:175,9,0,55
BRDA:175,9,1,16
BRDA:175,9,2,16
BRDA:192,10,0,16
BRDA:192,10,1,12
BRDA:192,10,2,6
BRDA:194,11,0,4
BRDA:194,11,1,12
BRF:26
BRH:26
end_of_record
TN:
SF:client/src/pages/Categories.js
FN:5,(anonymous_0)
FN:11,(anonymous_1)
FNF:2
FNH:2
FNDA:2,(anonymous_0)
FNDA:2,(anonymous_1)
DA:5,1
DA:6,2
DA:7,2
DA:12,2
LF:4
LH:4
BRF:0
BRH:0
end_of_record
TN:
SF:client/src/pages/CategoryProduct.js
FN:6,(anonymous_0)
FN:12,(anonymous_1)
FN:15,(anonymous_2)
FN:35,(anonymous_3)
FN:58,(anonymous_4)
FNF:5
FNH:5
FNDA:21,(anonymous_0)
FNDA:12,(anonymous_1)
FNDA:11,(anonymous_2)
FNDA:9,(anonymous_3)
FNDA:1,(anonymous_4)
DA:6,1
DA:7,21
DA:8,21
DA:9,21
DA:10,21
DA:12,21
DA:13,12
DA:15,21
DA:16,11
DA:17,11
DA:20,10
DA:21,10
DA:23,1
DA:27,21
DA:36,9
DA:58,1
LF:16
LH:16
BRDA:13,0,0,11
BRDA:13,0,1,1
BRF:2
BRH:2
end_of_record
TN:
SF:client/src/pages/Contact.js
FN:4,(anonymous_0)
FNF:1
FNH:0
FNDA:0,(anonymous_0)
DA:4,1
DA:6,0
LF:2
LH:1
BRF:0
BRH:0
end_of_record
TN:
SF:client/src/pages/HomePage.js
FN:12,(anonymous_0)
FN:24,(anonymous_1)
FN:35,(anonymous_2)
FN:40,(anonymous_3)
FN:53,(anonymous_4)
FN:62,(anonymous_5)
FN:67,(anonymous_6)
FN:80,(anonymous_7)
FN:85,(anonymous_8)
FN:89,(anonymous_9)
FN:93,(anonymous_10)
FN:98,(anonymous_11)
FN:123,(anonymous_12)
FN:126,(anonymous_13)
FN:135,(anonymous_14)
FN:136,(anonymous_15)
FN:146,(anonymous_16)
FN:155,(anonymous_17)
FN:178,(anonymous_18)
FN:184,(anonymous_19)
FN:204,(anonymous_20)
FNF:21
FNH:0
FNDA:0,(anonymous_0)
FNDA:0,(anonymous_1)
FNDA:0,(anonymous_2)
FNDA:0,(anonymous_3)
FNDA:0,(anonymous_4)
FNDA:0,(anonymous_5)
FNDA:0,(anonymous_6)
FNDA:0,(anonymous_7)
FNDA:0,(anonymous_8)
FNDA:0,(anonymous_9)
FNDA:0,(anonymous_10)
FNDA:0,(anonymous_11)
FNDA:0,(anonymous_12)
FNDA:0,(anonymous_13)
FNDA:0,(anonymous_14)
FNDA:0,(anonymous_15)
FNDA:0,(anonymous_16)
FNDA:0,(anonymous_17)
FNDA:0,(anonymous_18)
FNDA:0,(anonymous_19)
FNDA:0,(anonymous_20)
DA:12,0
DA:13,0
DA:14,0
DA:15,0
DA:16,0
DA:17,0
DA:18,0
DA:19,0
DA:20,0
DA:21,0
DA:24,0
DA:25,0
DA:26,0
DA:27,0
DA:28,0
DA:31,0
DA:35,0
DA:36,0
DA:37,0
DA:40,0
DA:41,0
DA:42,0
DA:43,0
DA:44,0
DA:45,0
DA:47,0
DA:48,0
DA:53,0
DA:54,0
DA:55,0
DA:56,0
DA:58,0
DA:62,0
DA:63,0
DA:64,0
DA:67,0
DA:68,0
DA:69,0
DA:70,0
DA:71,0
DA:72,0
DA:74,0
DA:75,0
DA:80,0
DA:81,0
DA:82,0
DA:83,0
DA:85,0
DA:87,0
DA:89,0
DA:90,0
DA:93,0
DA:94,0
DA:98,0
DA:99,0
DA:100,0
DA:104,0
DA:106,0
DA:109,0
DA:124,0
DA:126,0
DA:135,0
DA:137,0
DA:146,0
DA:156,0
DA:178,0
DA:185,0
DA:186,0
DA:190,0
DA:205,0
DA:206,0
LF:71
LH:0
BRDA:27,0,0,0
BRDA:27,0,1,0
BRDA:63,1,0,0
BRDA:63,1,1,0
BRDA:82,2,0,0
BRDA:82,2,1,0
BRDA:90,3,0,0
BRDA:90,3,1,0
BRDA:90,4,0,0
BRDA:90,4,1,0
BRDA:94,5,0,0
BRDA:94,5,1,0
BRDA:94,6,0,0
BRDA:94,6,1,0
BRDA:201,7,0,0
BRDA:201,7,1,0
BRDA:201,7,2,0
BRDA:209,8,0,0
BRDA:209,8,1,0
BRF:19
BRH:0
end_of_record
TN:
SF:client/src/pages/Pagenotfound.js
FN:5,(anonymous_0)
FNF:1
FNH:0
FNDA:0,(anonymous_0)
DA:5,0
DA:6,0
LF:2
LH:0
BRF:0
BRH:0
end_of_record
TN:
SF:client/src/pages/Policy.js
FN:4,(anonymous_0)
FNF:1
FNH:0
FNDA:0,(anonymous_0)
DA:4,0
DA:5,0
LF:2
LH:0
BRF:0
BRH:0
end_of_record
TN:
SF:client/src/pages/ProductDetails.js
FN:9,(anonymous_0)
FN:17,(anonymous_1)
FN:21,(anonymous_2)
FN:33,(anonymous_3)
FN:70,(anonymous_4)
FN:87,(anonymous_5)
FN:110,(anonymous_6)
FNF:7
FNH:7
FNDA:27,(anonymous_0)
FNDA:16,(anonymous_1)
FNDA:15,(anonymous_2)
FNDA:13,(anonymous_3)
FNDA:2,(anonymous_4)
FNDA:12,(anonymous_5)
FNDA:1,(anonymous_6)
DA:9,1
DA:10,27
DA:11,27
DA:12,27
DA:13,27
DA:14,27
DA:17,27
DA:18,16
DA:21,27
DA:22,15
DA:23,15
DA:26,14
DA:27,14
DA:29,2
DA:33,27
DA:34,13
DA:35,13
DA:38,12
DA:40,1
DA:43,27
DA:71,2
DA:72,2
DA:73,2
DA:88,12
DA:110,1
LF:25
LH:25
BRDA:18,0,0,15
BRDA:18,0,1,1
BRDA:83,1,0,27
BRDA:83,1,1,20
BRF:4
BRH:4
end_of_record
TN:
SF:client/src/pages/Search.js
FN:4,(anonymous_0)
FN:17,(anonymous_1)
FNF:2
FNH:2
FNDA:5,(anonymous_0)
FNDA:6,(anonymous_1)
DA:4,1
DA:5,5
DA:6,5
DA:18,6
LF:4
LH:4
BRDA:12,0,0,1
BRDA:12,0,1,4
BRF:2
BRH:2
end_of_record
TN:
SF:client/src/pages/Auth/ForgotPassword.js
FN:9,(anonymous_0)
FN:19,(anonymous_1)
FN:61,(anonymous_2)
FN:72,(anonymous_3)
FN:83,(anonymous_4)
FN:94,(anonymous_5)
FNF:6
FNH:6
FNDA:43,(anonymous_0)
FNDA:6,(anonymous_1)
FNDA:7,(anonymous_2)
FNDA:7,(anonymous_3)
FNDA:7,(anonymous_4)
FNDA:7,(anonymous_5)
DA:9,1
DA:10,43
DA:11,43
DA:12,43
DA:13,43
DA:14,43
DA:16,43
DA:19,43
DA:20,6
DA:21,6
DA:22,6
DA:23,1
DA:24,1
DA:27,5
DA:33,4
DA:34,3
DA:36,3
DA:41,3
DA:43,1
DA:46,1
DA:47,1
DA:50,43
DA:61,7
DA:72,7
DA:83,7
DA:94,7
LF:26
LH:26
BRDA:22,0,0,1
BRDA:22,0,1,5
BRDA:33,1,0,3
BRDA:33,1,1,1
BRDA:33,2,0,4
BRDA:33,2,1,4
BRF:6
BRH:6
end_of_record
TN:
SF:client/src/pages/Auth/Login.js
FN:9,(anonymous_0)
FN:18,(anonymous_1)
FN:62,(anonymous_2)
FN:73,(anonymous_3)
FN:84,(anonymous_4)
FNF:5
FNH:5
FNDA:23,(anonymous_0)
FNDA:5,(anonymous_1)
FNDA:6,(anonymous_2)
FNDA:6,(anonymous_3)
FNDA:1,(anonymous_4)
DA:9,1
DA:10,23
DA:11,23
DA:12,23
DA:14,23
DA:15,23
DA:18,23
DA:19,5
DA:20,5
DA:21,5
DA:25,4
DA:26,3
DA:35,3
DA:41,3
DA:42,3
DA:44,1
DA:47,1
DA:48,1
DA:51,23
DA:62,6
DA:73,6
DA:85,1
LF:22
LH:22
BRDA:25,0,0,3
BRDA:25,0,1,1
BRDA:25,1,0,4
BRDA:25,1,1,4
BRDA:26,2,0,3
BRDA:26,2,1,3
BRDA:42,3,0,3
BRDA:42,3,1,3
BRF:8
BRH:8
end_of_record
TN:
SF:client/src/pages/Auth/Register.js
FN:7,(anonymous_0)
FN:18,(anonymous_1)
FN:51,(anonymous_2)
FN:63,(anonymous_3)
FN:74,(anonymous_4)
FN:85,(anonymous_5)
FN:96,(anonymous_6)
FN:107,(anonymous_7)
FN:118,(anonymous_8)
FNF:9
FNH:9
FNDA:54,(anonymous_0)
FNDA:4,(anonymous_1)
FNDA:5,(anonymous_2)
FNDA:5,(anonymous_3)
FNDA:5,(anonymous_4)
FNDA:5,(anonymous_5)
FNDA:5,(anonymous_6)
FNDA:5,(anonymous_7)
FNDA:5,(anonymous_8)
DA:7,1
DA:8,54
DA:9,54
DA:10,54
DA:11,54
DA:12,54
DA:13,54
DA:14,54
DA:15,54
DA:18,54
DA:19,4
DA:20,4
DA:21,4
DA:30,3
DA:31,2
DA:32,2
DA:34,1
DA:37,1
DA:38,1
DA:42,54
DA:51,5
DA:63,5
DA:74,5
DA:85,5
DA:96,5
DA:107,5
DA:118,5
LF:27
LH:27
BRDA:30,0,0,2
BRDA:30,0,1,1
BRDA:30,1,0,3
BRDA:30,1,1,3
BRF:4
BRH:4
end_of_record
TN:
SF:client/src/pages/admin/AdminDashboard.js
FN:5,(anonymous_0)
FNF:1
FNH:1
FNDA:2,(anonymous_0)
DA:5,1
DA:6,2
DA:7,2
LF:3
LH:3
BRF:0
BRH:0
end_of_record
TN:
SF:client/src/pages/admin/AdminOrders.js
FN:11,(anonymous_0)
FN:22,(anonymous_1)
FN:31,(anonymous_2)
FN:35,(anonymous_3)
FN:53,(anonymous_4)
FN:73,(anonymous_5)
FN:76,(anonymous_6)
FN:91,(anonymous_7)
FNF:8
FNH:0
FNDA:0,(anonymous_0)
FNDA:0,(anonymous_1)
FNDA:0,(anonymous_2)
FNDA:0,(anonymous_3)
FNDA:0,(anonymous_4)
FNDA:0,(anonymous_5)
FNDA:0,(anonymous_6)
FNDA:0,(anonymous_7)
DA:9,0
DA:11,0
DA:12,0
DA:19,0
DA:20,0
DA:21,0
DA:22,0
DA:23,0
DA:24,0
DA:25,0
DA:27,0
DA:31,0
DA:32,0
DA:35,0
DA:36,0
DA:37,0
DA:40,0
DA:42,0
DA:45,0
DA:54,0
DA:73,0
DA:77,0
DA:92,0
LF:23
LH:0
BRDA:32,0,0,0
BRDA:32,0,1,0
BRDA:85,1,0,0
BRDA:85,1,1,0
BRF:4
BRH:0
end_of_record
TN:
SF:client/src/pages/admin/CreateCategory.js
FN:9,(anonymous_0)
FN:17,(anonymous_1)
FN:36,(anonymous_2)
FN:58,(anonymous_3)
FN:100,(anonymous_4)
FN:106,(anonymous_5)
FN:116,(anonymous_6)
FN:129,(anonymous_7)
FNF:8
FNH:8
FNDA:43,(anonymous_0)
FNDA:3,(anonymous_1)
FNDA:3,(anonymous_2)
FNDA:3,(anonymous_3)
FNDA:22,(anonymous_4)
FNDA:5,(anonymous_5)
FNDA:3,(anonymous_6)
FNDA:4,(anonymous_7)
DA:9,1
DA:11,43
DA:12,43
DA:13,43
DA:14,43
DA:15,43
DA:17,43
DA:18,3
DA:19,3
DA:20,3
DA:23,2
DA:24,1
DA:25,1
DA:27,1
DA:30,1
DA:31,1
DA:36,43
DA:37,3
DA:38,3
DA:39,3
DA:43,2
DA:44,1
DA:45,1
DA:46,1
DA:47,1
DA:48,1
DA:50,1
DA:53,1
DA:54,1
DA:58,43
DA:59,3
DA:60,3
DA:63,2
DA:64,1
DA:66,1
DA:68,1
DA:71,1
DA:72,1
DA:75,43
DA:101,22
DA:107,5
DA:108,5
DA:109,5
DA:117,3
DA:129,4
LF:45
LH:45
BRDA:23,0,0,1
BRDA:23,0,1,1
BRDA:43,1,0,1
BRDA:43,1,1,1
BRDA:63,2,0,1
BRDA:63,2,1,1
BRF:6
BRH:6
end_of_record
TN:
SF:client/src/pages/admin/CreateProduct.js
FN:11,(anonymous_0)
FN:24,(anonymous_1)
FN:68,(anonymous_2)
FN:72,(anonymous_3)
FN:85,(anonymous_4)
FN:108,(anonymous_5)
FN:117,(anonymous_6)
FN:127,(anonymous_7)
FN:136,(anonymous_8)
FN:147,(anonymous_9)
FNF:10
FNH:10
FNDA:25,(anonymous_0)
FNDA:3,(anonymous_1)
FNDA:2,(anonymous_2)
FNDA:16,(anonymous_3)
FNDA:2,(anonymous_4)
FNDA:2,(anonymous_5)
FNDA:2,(anonymous_6)
FNDA:2,(anonymous_7)
FNDA:2,(anonymous_8)
FNDA:2,(anonymous_9)
DA:9,1
DA:11,1
DA:12,25
DA:14,25
DA:15,25
DA:16,25
DA:17,25
DA:18,25
DA:19,25
DA:20,25
DA:21,25
DA:24,25
DA:25,3
DA:26,3
DA:27,3
DA:28,3
DA:29,3
DA:30,3
DA:31,3
DA:32,3
DA:33,3
DA:34,3
DA:35,3
DA:39,2
DA:40,1
DA:42,1
DA:43,1
DA:46,1
DA:47,1
DA:51,25
DA:69,2
DA:73,16
DA:85,2
DA:108,2
DA:117,2
DA:127,2
DA:136,2
DA:148,2
LF:38
LH:38
BRDA:39,0,0,1
BRDA:39,0,1,1
BRDA:80,1,0,2
BRDA:80,1,1,23
BRDA:91,2,0,25
BRDA:91,2,1,2
BRF:6
BRH:6
end_of_record
TN:
SF:client/src/pages/admin/Products.js
FN:7,(anonymous_0)
FN:11,(anonymous_1)
FN:22,(anonymous_2)
FN:34,(anonymous_3)
FNF:4
FNH:0
FNDA:0,(anonymous_0)
FNDA:0,(anonymous_1)
FNDA:0,(anonymous_2)
FNDA:0,(anonymous_3)
DA:7,0
DA:8,0
DA:11,0
DA:12,0
DA:13,0
DA:14,0
DA:16,0
DA:17,0
DA:22,0
DA:23,0
DA:25,0
DA:35,0
LF:12
LH:0
BRF:0
BRH:0
end_of_record
TN:
SF:client/src/pages/admin/UpdateProduct.js
FN:11,(anonymous_0)
FN:26,(anonymous_1)
FN:44,(anonymous_2)
FN:50,(anonymous_3)
FN:78,(anonymous_4)
FN:114,(anonymous_5)
FN:119,(anonymous_6)
FN:133,(anonymous_7)
FN:165,(anonymous_8)
FN:174,(anonymous_9)
FN:184,(anonymous_10)
FN:193,(anonymous_11)
FN:203,(anonymous_12)
FNF:13
FNH:13
FNDA:50,(anonymous_0)
FNDA:12,(anonymous_1)
FNDA:12,(anonymous_2)
FNDA:3,(anonymous_3)
FNDA:4,(anonymous_4)
FNDA:4,(anonymous_5)
FNDA:66,(anonymous_6)
FNDA:4,(anonymous_7)
FNDA:4,(anonymous_8)
FNDA:4,(anonymous_9)
FNDA:4,(anonymous_10)
FNDA:4,(anonymous_11)
FNDA:4,(anonymous_12)
DA:9,1
DA:11,1
DA:12,50
DA:13,50
DA:15,50
DA:16,50
DA:17,50
DA:18,50
DA:19,50
DA:20,50
DA:21,50
DA:22,50
DA:23,50
DA:26,50
DA:27,12
DA:28,12
DA:31,11
DA:32,11
DA:33,11
DA:34,11
DA:35,11
DA:36,11
DA:37,11
DA:38,11
DA:40,1
DA:41,1
DA:44,50
DA:45,12
DA:50,50
DA:51,3
DA:52,3
DA:53,3
DA:54,3
DA:55,3
DA:56,3
DA:57,3
DA:58,3
DA:59,3
DA:60,3
DA:61,3
DA:65,2
DA:66,1
DA:68,1
DA:69,1
DA:72,1
DA:73,1
DA:78,50
DA:79,4
DA:80,4
DA:81,4
DA:82,3
DA:86,2
DA:87,1
DA:88,1
DA:90,1
DA:94,1
DA:95,1
DA:98,50
DA:115,4
DA:120,66
DA:133,4
DA:165,4
DA:174,4
DA:184,4
DA:193,4
DA:204,4
LF:66
LH:66
BRDA:58,0,0,3
BRDA:58,0,1,3
BRDA:65,1,0,1
BRDA:65,1,1,1
BRDA:81,2,0,1
BRDA:81,2,1,3
BRDA:86,3,0,1
BRDA:86,3,1,1
BRDA:127,4,0,12
BRDA:127,4,1,38
BRDA:139,5,0,12
BRDA:139,5,1,38
BRDA:206,6,0,33
BRDA:206,6,1,17
BRF:14
BRH:14
end_of_record
TN:
SF:client/src/pages/admin/Users.js
FN:5,(anonymous_0)
FNF:1
FNH:0
FNDA:0,(anonymous_0)
DA:5,0
DA:6,0
LF:2
LH:0
BRF:0
BRH:0
end_of_record
TN:
SF:client/src/pages/user/Dashboard.js
FN:5,(anonymous_0)
FNF:1
FNH:1
FNDA:2,(anonymous_0)
DA:5,1
DA:6,2
DA:7,2
LF:3
LH:3
BRF:0
BRH:0
end_of_record
TN:
SF:client/src/pages/user/Orders.js
FN:8,(anonymous_0)
FN:11,(anonymous_1)
FN:20,(anonymous_2)
FN:32,(anonymous_3)
FN:58,(anonymous_4)
FNF:5
FNH:0
FNDA:0,(anonymous_0)
FNDA:0,(anonymous_1)
FNDA:0,(anonymous_2)
FNDA:0,(anonymous_3)
FNDA:0,(anonymous_4)
DA:8,0
DA:9,0
DA:10,0
DA:11,0
DA:12,0
DA:13,0
DA:14,0
DA:16,0
DA:20,0
DA:21,0
DA:23,0
DA:33,0
DA:59,0
LF:13
LH:0
BRDA:21,0,0,0
BRDA:21,0,1,0
BRDA:52,1,0,0
BRDA:52,1,1,0
BRF:4
BRH:0
end_of_record
TN:
SF:client/src/pages/user/Profile.js
FN:7,(anonymous_0)
FN:18,(anonymous_1)
FN:27,(anonymous_2)
FN:68,(anonymous_3)
FN:79,(anonymous_4)
FN:91,(anonymous_5)
FN:101,(anonymous_6)
FN:111,(anonymous_7)
FNF:8
FNH:8
FNDA:16,(anonymous_0)
FNDA:5,(anonymous_1)
FNDA:3,(anonymous_2)
FNDA:2,(anonymous_3)
FNDA:1,(anonymous_4)
FNDA:1,(anonymous_5)
FNDA:1,(anonymous_6)
FNDA:1,(anonymous_7)
DA:7,1
DA:9,16
DA:11,16
DA:12,16
DA:13,16
DA:14,16
DA:15,16
DA:18,16
DA:19,5
DA:20,5
DA:21,5
DA:22,5
DA:23,5
DA:27,16
DA:28,3
DA:29,3
DA:30,3
DA:37,2
DA:38,1
DA:40,1
DA:41,1
DA:42,1
DA:43,1
DA:44,1
DA:45,1
DA:48,1
DA:49,1
DA:53,16
DA:68,2
DA:79,1
DA:91,1
DA:101,1
DA:111,1
LF:33
LH:33
BRDA:37,0,0,1
BRDA:37,0,1,1
BRF:2
BRH:2
end_of_record
